<?xml version="1.0" encoding="UTF-8"?>
<testsuite xmlns:xsi="http://www.w3.org/2001/XMLSchema-instance" xsi:noNamespaceSchemaLocation="https://maven.apache.org/surefire/maven-surefire-plugin/xsd/surefire-test-report.xsd" version="3.0.2" name="com.example.quiz.QuizApplicationTests" time="9.845" tests="1" errors="0" skipped="0" failures="0">
  <properties>
    <property name="java.specification.version" value="17"/>
    <property name="sun.jnu.encoding" value="UTF-8"/>
    <property name="java.class.path" value="/home/pouyan/Documents/BackendSpringboot/BackendSpringboot/target/test-classes:/home/pouyan/Documents/BackendSpringboot/BackendSpringboot/target/classes:/home/pouyan/.m2/repository/org/springframework/boot/spring-boot-starter-data-jpa/3.4.1/spring-boot-starter-data-jpa-3.4.1.jar:/home/pouyan/.m2/repository/org/springframework/boot/spring-boot-starter/3.4.1/spring-boot-starter-3.4.1.jar:/home/pouyan/.m2/repository/org/springframework/boot/spring-boot/3.4.1/spring-boot-3.4.1.jar:/home/pouyan/.m2/repository/org/springframework/boot/spring-boot-autoconfigure/3.4.1/spring-boot-autoconfigure-3.4.1.jar:/home/pouyan/.m2/repository/org/springframework/boot/spring-boot-starter-logging/3.4.1/spring-boot-starter-logging-3.4.1.jar:/home/pouyan/.m2/repository/ch/qos/logback/logback-classic/1.5.12/logback-classic-1.5.12.jar:/home/pouyan/.m2/repository/ch/qos/logback/logback-core/1.5.12/logback-core-1.5.12.jar:/home/pouyan/.m2/repository/org/apache/logging/log4j/log4j-to-slf4j/2.24.3/log4j-to-slf4j-2.24.3.jar:/home/pouyan/.m2/repository/org/apache/logging/log4j/log4j-api/2.24.3/log4j-api-2.24.3.jar:/home/pouyan/.m2/repository/org/slf4j/jul-to-slf4j/2.0.16/jul-to-slf4j-2.0.16.jar:/home/pouyan/.m2/repository/jakarta/annotation/jakarta.annotation-api/2.1.1/jakarta.annotation-api-2.1.1.jar:/home/pouyan/.m2/repository/org/yaml/snakeyaml/2.3/snakeyaml-2.3.jar:/home/pouyan/.m2/repository/org/springframework/boot/spring-boot-starter-jdbc/3.4.1/spring-boot-starter-jdbc-3.4.1.jar:/home/pouyan/.m2/repository/com/zaxxer/HikariCP/5.1.0/HikariCP-5.1.0.jar:/home/pouyan/.m2/repository/org/springframework/spring-jdbc/6.2.1/spring-jdbc-6.2.1.jar:/home/pouyan/.m2/repository/org/hibernate/orm/hibernate-core/6.6.4.Final/hibernate-core-6.6.4.Final.jar:/home/pouyan/.m2/repository/org/jboss/logging/jboss-logging/3.6.1.Final/jboss-logging-3.6.1.Final.jar:/home/pouyan/.m2/repository/org/hibernate/common/hibernate-commons-annotations/7.0.3.Final/hibernate-commons-annotations-7.0.3.Final.jar:/home/pouyan/.m2/repository/io/smallrye/jandex/3.2.0/jandex-3.2.0.jar:/home/pouyan/.m2/repository/com/fasterxml/classmate/1.7.0/classmate-1.7.0.jar:/home/pouyan/.m2/repository/net/bytebuddy/byte-buddy/1.15.11/byte-buddy-1.15.11.jar:/home/pouyan/.m2/repository/jakarta/inject/jakarta.inject-api/2.0.1/jakarta.inject-api-2.0.1.jar:/home/pouyan/.m2/repository/org/antlr/antlr4-runtime/4.13.0/antlr4-runtime-4.13.0.jar:/home/pouyan/.m2/repository/org/springframework/data/spring-data-jpa/3.4.1/spring-data-jpa-3.4.1.jar:/home/pouyan/.m2/repository/org/springframework/data/spring-data-commons/3.4.1/spring-data-commons-3.4.1.jar:/home/pouyan/.m2/repository/org/springframework/spring-orm/6.2.1/spring-orm-6.2.1.jar:/home/pouyan/.m2/repository/org/springframework/spring-context/6.2.1/spring-context-6.2.1.jar:/home/pouyan/.m2/repository/org/springframework/spring-tx/6.2.1/spring-tx-6.2.1.jar:/home/pouyan/.m2/repository/org/springframework/spring-beans/6.2.1/spring-beans-6.2.1.jar:/home/pouyan/.m2/repository/org/slf4j/slf4j-api/2.0.16/slf4j-api-2.0.16.jar:/home/pouyan/.m2/repository/org/springframework/spring-aspects/6.2.1/spring-aspects-6.2.1.jar:/home/pouyan/.m2/repository/org/aspectj/aspectjweaver/1.9.22.1/aspectjweaver-1.9.22.1.jar:/home/pouyan/.m2/repository/org/springframework/boot/spring-boot-starter-security/3.4.1/spring-boot-starter-security-3.4.1.jar:/home/pouyan/.m2/repository/org/springframework/spring-aop/6.2.1/spring-aop-6.2.1.jar:/home/pouyan/.m2/repository/org/springframework/security/spring-security-config/6.4.2/spring-security-config-6.4.2.jar:/home/pouyan/.m2/repository/org/springframework/security/spring-security-web/6.4.2/spring-security-web-6.4.2.jar:/home/pouyan/.m2/repository/org/springframework/spring-expression/6.2.1/spring-expression-6.2.1.jar:/home/pouyan/.m2/repository/org/springframework/boot/spring-boot-starter-validation/3.4.1/spring-boot-starter-validation-3.4.1.jar:/home/pouyan/.m2/repository/org/apache/tomcat/embed/tomcat-embed-el/10.1.34/tomcat-embed-el-10.1.34.jar:/home/pouyan/.m2/repository/org/hibernate/validator/hibernate-validator/8.0.2.Final/hibernate-validator-8.0.2.Final.jar:/home/pouyan/.m2/repository/org/springframework/boot/spring-boot-starter-web/3.4.1/spring-boot-starter-web-3.4.1.jar:/home/pouyan/.m2/repository/org/springframework/boot/spring-boot-starter-json/3.4.1/spring-boot-starter-json-3.4.1.jar:/home/pouyan/.m2/repository/com/fasterxml/jackson/datatype/jackson-datatype-jdk8/2.18.2/jackson-datatype-jdk8-2.18.2.jar:/home/pouyan/.m2/repository/com/fasterxml/jackson/datatype/jackson-datatype-jsr310/2.18.2/jackson-datatype-jsr310-2.18.2.jar:/home/pouyan/.m2/repository/com/fasterxml/jackson/module/jackson-module-parameter-names/2.18.2/jackson-module-parameter-names-2.18.2.jar:/home/pouyan/.m2/repository/org/springframework/boot/spring-boot-starter-tomcat/3.4.1/spring-boot-starter-tomcat-3.4.1.jar:/home/pouyan/.m2/repository/org/apache/tomcat/embed/tomcat-embed-core/10.1.34/tomcat-embed-core-10.1.34.jar:/home/pouyan/.m2/repository/org/apache/tomcat/embed/tomcat-embed-websocket/10.1.34/tomcat-embed-websocket-10.1.34.jar:/home/pouyan/.m2/repository/org/springframework/spring-web/6.2.1/spring-web-6.2.1.jar:/home/pouyan/.m2/repository/io/micrometer/micrometer-observation/1.14.2/micrometer-observation-1.14.2.jar:/home/pouyan/.m2/repository/io/micrometer/micrometer-commons/1.14.2/micrometer-commons-1.14.2.jar:/home/pouyan/.m2/repository/org/springframework/spring-webmvc/6.2.1/spring-webmvc-6.2.1.jar:/home/pouyan/.m2/repository/javax/validation/validation-api/2.0.1.Final/validation-api-2.0.1.Final.jar:/home/pouyan/.m2/repository/com/mysql/mysql-connector-j/8.0.33/mysql-connector-j-8.0.33.jar:/home/pouyan/.m2/repository/jakarta/persistence/jakarta.persistence-api/3.1.0/jakarta.persistence-api-3.1.0.jar:/home/pouyan/.m2/repository/jakarta/validation/jakarta.validation-api/3.0.0/jakarta.validation-api-3.0.0.jar:/home/pouyan/.m2/repository/jakarta/transaction/jakarta.transaction-api/2.0.0/jakarta.transaction-api-2.0.0.jar:/home/pouyan/.m2/repository/io/jsonwebtoken/jjwt/0.9.1/jjwt-0.9.1.jar:/home/pouyan/.m2/repository/com/fasterxml/jackson/core/jackson-databind/2.18.2/jackson-databind-2.18.2.jar:/home/pouyan/.m2/repository/com/fasterxml/jackson/core/jackson-annotations/2.18.2/jackson-annotations-2.18.2.jar:/home/pouyan/.m2/repository/com/fasterxml/jackson/core/jackson-core/2.18.2/jackson-core-2.18.2.jar:/home/pouyan/.m2/repository/org/projectlombok/lombok/1.18.36/lombok-1.18.36.jar:/home/pouyan/.m2/repository/org/springframework/boot/spring-boot-starter-test/3.4.1/spring-boot-starter-test-3.4.1.jar:/home/pouyan/.m2/repository/org/springframework/boot/spring-boot-test/3.4.1/spring-boot-test-3.4.1.jar:/home/pouyan/.m2/repository/org/springframework/boot/spring-boot-test-autoconfigure/3.4.1/spring-boot-test-autoconfigure-3.4.1.jar:/home/pouyan/.m2/repository/com/jayway/jsonpath/json-path/2.9.0/json-path-2.9.0.jar:/home/pouyan/.m2/repository/jakarta/xml/bind/jakarta.xml.bind-api/4.0.2/jakarta.xml.bind-api-4.0.2.jar:/home/pouyan/.m2/repository/jakarta/activation/jakarta.activation-api/2.1.3/jakarta.activation-api-2.1.3.jar:/home/pouyan/.m2/repository/net/minidev/json-smart/2.5.1/json-smart-2.5.1.jar:/home/pouyan/.m2/repository/net/minidev/accessors-smart/2.5.1/accessors-smart-2.5.1.jar:/home/pouyan/.m2/repository/org/ow2/asm/asm/9.6/asm-9.6.jar:/home/pouyan/.m2/repository/org/assertj/assertj-core/3.26.3/assertj-core-3.26.3.jar:/home/pouyan/.m2/repository/org/awaitility/awaitility/4.2.2/awaitility-4.2.2.jar:/home/pouyan/.m2/repository/org/hamcrest/hamcrest/2.2/hamcrest-2.2.jar:/home/pouyan/.m2/repository/org/junit/jupiter/junit-jupiter/5.11.4/junit-jupiter-5.11.4.jar:/home/pouyan/.m2/repository/org/junit/jupiter/junit-jupiter-api/5.11.4/junit-jupiter-api-5.11.4.jar:/home/pouyan/.m2/repository/org/opentest4j/opentest4j/1.3.0/opentest4j-1.3.0.jar:/home/pouyan/.m2/repository/org/junit/platform/junit-platform-commons/1.11.4/junit-platform-commons-1.11.4.jar:/home/pouyan/.m2/repository/org/apiguardian/apiguardian-api/1.1.2/apiguardian-api-1.1.2.jar:/home/pouyan/.m2/repository/org/junit/jupiter/junit-jupiter-params/5.11.4/junit-jupiter-params-5.11.4.jar:/home/pouyan/.m2/repository/org/junit/jupiter/junit-jupiter-engine/5.11.4/junit-jupiter-engine-5.11.4.jar:/home/pouyan/.m2/repository/org/junit/platform/junit-platform-engine/1.11.4/junit-platform-engine-1.11.4.jar:/home/pouyan/.m2/repository/org/mockito/mockito-core/5.14.2/mockito-core-5.14.2.jar:/home/pouyan/.m2/repository/net/bytebuddy/byte-buddy-agent/1.15.11/byte-buddy-agent-1.15.11.jar:/home/pouyan/.m2/repository/org/objenesis/objenesis/3.3/objenesis-3.3.jar:/home/pouyan/.m2/repository/org/mockito/mockito-junit-jupiter/5.14.2/mockito-junit-jupiter-5.14.2.jar:/home/pouyan/.m2/repository/org/skyscreamer/jsonassert/1.5.3/jsonassert-1.5.3.jar:/home/pouyan/.m2/repository/com/vaadin/external/google/android-json/0.0.20131108.vaadin1/android-json-0.0.20131108.vaadin1.jar:/home/pouyan/.m2/repository/org/springframework/spring-core/6.2.1/spring-core-6.2.1.jar:/home/pouyan/.m2/repository/org/springframework/spring-jcl/6.2.1/spring-jcl-6.2.1.jar:/home/pouyan/.m2/repository/org/springframework/spring-test/6.2.1/spring-test-6.2.1.jar:/home/pouyan/.m2/repository/org/xmlunit/xmlunit-core/2.10.0/xmlunit-core-2.10.0.jar:/home/pouyan/.m2/repository/org/springframework/security/spring-security-test/6.4.2/spring-security-test-6.4.2.jar:/home/pouyan/.m2/repository/org/springframework/security/spring-security-core/6.4.2/spring-security-core-6.4.2.jar:/home/pouyan/.m2/repository/org/springframework/security/spring-security-crypto/6.4.2/spring-security-crypto-6.4.2.jar:/home/pouyan/.m2/repository/javax/xml/bind/jaxb-api/2.3.1/jaxb-api-2.3.1.jar:/home/pouyan/.m2/repository/javax/activation/javax.activation-api/1.2.0/javax.activation-api-1.2.0.jar:/home/pouyan/.m2/repository/com/sun/xml/bind/jaxb-impl/2.3.1/jaxb-impl-2.3.1.jar:/home/pouyan/.m2/repository/org/glassfish/jaxb/jaxb-runtime/2.3.1/jaxb-runtime-2.3.1.jar:/home/pouyan/.m2/repository/org/glassfish/jaxb/txw2/4.0.5/txw2-4.0.5.jar:/home/pouyan/.m2/repository/com/sun/istack/istack-commons-runtime/4.1.2/istack-commons-runtime-4.1.2.jar:/home/pouyan/.m2/repository/org/jvnet/staxex/stax-ex/2.1.0/stax-ex-2.1.0.jar:/home/pouyan/.m2/repository/com/sun/xml/fastinfoset/FastInfoset/2.1.1/FastInfoset-2.1.1.jar:/home/pouyan/.m2/repository/javax/activation/activation/1.1.1/activation-1.1.1.jar:"/>
    <property name="java.vm.vendor" value="Ubuntu"/>
    <property name="sun.arch.data.model" value="64"/>
    <property name="java.vendor.url" value="https://ubuntu.com/"/>
    <property name="user.timezone" value="Asia/Tehran"/>
    <property name="org.jboss.logging.provider" value="slf4j"/>
    <property name="os.name" value="Linux"/>
    <property name="java.vm.specification.version" value="17"/>
    <property name="sun.java.launcher" value="SUN_STANDARD"/>
    <property name="user.country" value="US"/>
    <property name="sun.boot.library.path" value="/usr/lib/jvm/java-17-openjdk-amd64/lib"/>
    <property name="sun.java.command" value="/home/pouyan/Documents/BackendSpringboot/BackendSpringboot/target/surefire/surefirebooter-20250117150342956_3.jar /home/pouyan/Documents/BackendSpringboot/BackendSpringboot/target/surefire 2025-01-17T15-03-42_741-jvmRun1 surefire-20250117150342956_1tmp surefire_0-20250117150342956_2tmp"/>
    <property name="jdk.debug" value="release"/>
    <property name="surefire.test.class.path" value="/home/pouyan/Documents/BackendSpringboot/BackendSpringboot/target/test-classes:/home/pouyan/Documents/BackendSpringboot/BackendSpringboot/target/classes:/home/pouyan/.m2/repository/org/springframework/boot/spring-boot-starter-data-jpa/3.4.1/spring-boot-starter-data-jpa-3.4.1.jar:/home/pouyan/.m2/repository/org/springframework/boot/spring-boot-starter/3.4.1/spring-boot-starter-3.4.1.jar:/home/pouyan/.m2/repository/org/springframework/boot/spring-boot/3.4.1/spring-boot-3.4.1.jar:/home/pouyan/.m2/repository/org/springframework/boot/spring-boot-autoconfigure/3.4.1/spring-boot-autoconfigure-3.4.1.jar:/home/pouyan/.m2/repository/org/springframework/boot/spring-boot-starter-logging/3.4.1/spring-boot-starter-logging-3.4.1.jar:/home/pouyan/.m2/repository/ch/qos/logback/logback-classic/1.5.12/logback-classic-1.5.12.jar:/home/pouyan/.m2/repository/ch/qos/logback/logback-core/1.5.12/logback-core-1.5.12.jar:/home/pouyan/.m2/repository/org/apache/logging/log4j/log4j-to-slf4j/2.24.3/log4j-to-slf4j-2.24.3.jar:/home/pouyan/.m2/repository/org/apache/logging/log4j/log4j-api/2.24.3/log4j-api-2.24.3.jar:/home/pouyan/.m2/repository/org/slf4j/jul-to-slf4j/2.0.16/jul-to-slf4j-2.0.16.jar:/home/pouyan/.m2/repository/jakarta/annotation/jakarta.annotation-api/2.1.1/jakarta.annotation-api-2.1.1.jar:/home/pouyan/.m2/repository/org/yaml/snakeyaml/2.3/snakeyaml-2.3.jar:/home/pouyan/.m2/repository/org/springframework/boot/spring-boot-starter-jdbc/3.4.1/spring-boot-starter-jdbc-3.4.1.jar:/home/pouyan/.m2/repository/com/zaxxer/HikariCP/5.1.0/HikariCP-5.1.0.jar:/home/pouyan/.m2/repository/org/springframework/spring-jdbc/6.2.1/spring-jdbc-6.2.1.jar:/home/pouyan/.m2/repository/org/hibernate/orm/hibernate-core/6.6.4.Final/hibernate-core-6.6.4.Final.jar:/home/pouyan/.m2/repository/org/jboss/logging/jboss-logging/3.6.1.Final/jboss-logging-3.6.1.Final.jar:/home/pouyan/.m2/repository/org/hibernate/common/hibernate-commons-annotations/7.0.3.Final/hibernate-commons-annotations-7.0.3.Final.jar:/home/pouyan/.m2/repository/io/smallrye/jandex/3.2.0/jandex-3.2.0.jar:/home/pouyan/.m2/repository/com/fasterxml/classmate/1.7.0/classmate-1.7.0.jar:/home/pouyan/.m2/repository/net/bytebuddy/byte-buddy/1.15.11/byte-buddy-1.15.11.jar:/home/pouyan/.m2/repository/jakarta/inject/jakarta.inject-api/2.0.1/jakarta.inject-api-2.0.1.jar:/home/pouyan/.m2/repository/org/antlr/antlr4-runtime/4.13.0/antlr4-runtime-4.13.0.jar:/home/pouyan/.m2/repository/org/springframework/data/spring-data-jpa/3.4.1/spring-data-jpa-3.4.1.jar:/home/pouyan/.m2/repository/org/springframework/data/spring-data-commons/3.4.1/spring-data-commons-3.4.1.jar:/home/pouyan/.m2/repository/org/springframework/spring-orm/6.2.1/spring-orm-6.2.1.jar:/home/pouyan/.m2/repository/org/springframework/spring-context/6.2.1/spring-context-6.2.1.jar:/home/pouyan/.m2/repository/org/springframework/spring-tx/6.2.1/spring-tx-6.2.1.jar:/home/pouyan/.m2/repository/org/springframework/spring-beans/6.2.1/spring-beans-6.2.1.jar:/home/pouyan/.m2/repository/org/slf4j/slf4j-api/2.0.16/slf4j-api-2.0.16.jar:/home/pouyan/.m2/repository/org/springframework/spring-aspects/6.2.1/spring-aspects-6.2.1.jar:/home/pouyan/.m2/repository/org/aspectj/aspectjweaver/1.9.22.1/aspectjweaver-1.9.22.1.jar:/home/pouyan/.m2/repository/org/springframework/boot/spring-boot-starter-security/3.4.1/spring-boot-starter-security-3.4.1.jar:/home/pouyan/.m2/repository/org/springframework/spring-aop/6.2.1/spring-aop-6.2.1.jar:/home/pouyan/.m2/repository/org/springframework/security/spring-security-config/6.4.2/spring-security-config-6.4.2.jar:/home/pouyan/.m2/repository/org/springframework/security/spring-security-web/6.4.2/spring-security-web-6.4.2.jar:/home/pouyan/.m2/repository/org/springframework/spring-expression/6.2.1/spring-expression-6.2.1.jar:/home/pouyan/.m2/repository/org/springframework/boot/spring-boot-starter-validation/3.4.1/spring-boot-starter-validation-3.4.1.jar:/home/pouyan/.m2/repository/org/apache/tomcat/embed/tomcat-embed-el/10.1.34/tomcat-embed-el-10.1.34.jar:/home/pouyan/.m2/repository/org/hibernate/validator/hibernate-validator/8.0.2.Final/hibernate-validator-8.0.2.Final.jar:/home/pouyan/.m2/repository/org/springframework/boot/spring-boot-starter-web/3.4.1/spring-boot-starter-web-3.4.1.jar:/home/pouyan/.m2/repository/org/springframework/boot/spring-boot-starter-json/3.4.1/spring-boot-starter-json-3.4.1.jar:/home/pouyan/.m2/repository/com/fasterxml/jackson/datatype/jackson-datatype-jdk8/2.18.2/jackson-datatype-jdk8-2.18.2.jar:/home/pouyan/.m2/repository/com/fasterxml/jackson/datatype/jackson-datatype-jsr310/2.18.2/jackson-datatype-jsr310-2.18.2.jar:/home/pouyan/.m2/repository/com/fasterxml/jackson/module/jackson-module-parameter-names/2.18.2/jackson-module-parameter-names-2.18.2.jar:/home/pouyan/.m2/repository/org/springframework/boot/spring-boot-starter-tomcat/3.4.1/spring-boot-starter-tomcat-3.4.1.jar:/home/pouyan/.m2/repository/org/apache/tomcat/embed/tomcat-embed-core/10.1.34/tomcat-embed-core-10.1.34.jar:/home/pouyan/.m2/repository/org/apache/tomcat/embed/tomcat-embed-websocket/10.1.34/tomcat-embed-websocket-10.1.34.jar:/home/pouyan/.m2/repository/org/springframework/spring-web/6.2.1/spring-web-6.2.1.jar:/home/pouyan/.m2/repository/io/micrometer/micrometer-observation/1.14.2/micrometer-observation-1.14.2.jar:/home/pouyan/.m2/repository/io/micrometer/micrometer-commons/1.14.2/micrometer-commons-1.14.2.jar:/home/pouyan/.m2/repository/org/springframework/spring-webmvc/6.2.1/spring-webmvc-6.2.1.jar:/home/pouyan/.m2/repository/javax/validation/validation-api/2.0.1.Final/validation-api-2.0.1.Final.jar:/home/pouyan/.m2/repository/com/mysql/mysql-connector-j/8.0.33/mysql-connector-j-8.0.33.jar:/home/pouyan/.m2/repository/jakarta/persistence/jakarta.persistence-api/3.1.0/jakarta.persistence-api-3.1.0.jar:/home/pouyan/.m2/repository/jakarta/validation/jakarta.validation-api/3.0.0/jakarta.validation-api-3.0.0.jar:/home/pouyan/.m2/repository/jakarta/transaction/jakarta.transaction-api/2.0.0/jakarta.transaction-api-2.0.0.jar:/home/pouyan/.m2/repository/io/jsonwebtoken/jjwt/0.9.1/jjwt-0.9.1.jar:/home/pouyan/.m2/repository/com/fasterxml/jackson/core/jackson-databind/2.18.2/jackson-databind-2.18.2.jar:/home/pouyan/.m2/repository/com/fasterxml/jackson/core/jackson-annotations/2.18.2/jackson-annotations-2.18.2.jar:/home/pouyan/.m2/repository/com/fasterxml/jackson/core/jackson-core/2.18.2/jackson-core-2.18.2.jar:/home/pouyan/.m2/repository/org/projectlombok/lombok/1.18.36/lombok-1.18.36.jar:/home/pouyan/.m2/repository/org/springframework/boot/spring-boot-starter-test/3.4.1/spring-boot-starter-test-3.4.1.jar:/home/pouyan/.m2/repository/org/springframework/boot/spring-boot-test/3.4.1/spring-boot-test-3.4.1.jar:/home/pouyan/.m2/repository/org/springframework/boot/spring-boot-test-autoconfigure/3.4.1/spring-boot-test-autoconfigure-3.4.1.jar:/home/pouyan/.m2/repository/com/jayway/jsonpath/json-path/2.9.0/json-path-2.9.0.jar:/home/pouyan/.m2/repository/jakarta/xml/bind/jakarta.xml.bind-api/4.0.2/jakarta.xml.bind-api-4.0.2.jar:/home/pouyan/.m2/repository/jakarta/activation/jakarta.activation-api/2.1.3/jakarta.activation-api-2.1.3.jar:/home/pouyan/.m2/repository/net/minidev/json-smart/2.5.1/json-smart-2.5.1.jar:/home/pouyan/.m2/repository/net/minidev/accessors-smart/2.5.1/accessors-smart-2.5.1.jar:/home/pouyan/.m2/repository/org/ow2/asm/asm/9.6/asm-9.6.jar:/home/pouyan/.m2/repository/org/assertj/assertj-core/3.26.3/assertj-core-3.26.3.jar:/home/pouyan/.m2/repository/org/awaitility/awaitility/4.2.2/awaitility-4.2.2.jar:/home/pouyan/.m2/repository/org/hamcrest/hamcrest/2.2/hamcrest-2.2.jar:/home/pouyan/.m2/repository/org/junit/jupiter/junit-jupiter/5.11.4/junit-jupiter-5.11.4.jar:/home/pouyan/.m2/repository/org/junit/jupiter/junit-jupiter-api/5.11.4/junit-jupiter-api-5.11.4.jar:/home/pouyan/.m2/repository/org/opentest4j/opentest4j/1.3.0/opentest4j-1.3.0.jar:/home/pouyan/.m2/repository/org/junit/platform/junit-platform-commons/1.11.4/junit-platform-commons-1.11.4.jar:/home/pouyan/.m2/repository/org/apiguardian/apiguardian-api/1.1.2/apiguardian-api-1.1.2.jar:/home/pouyan/.m2/repository/org/junit/jupiter/junit-jupiter-params/5.11.4/junit-jupiter-params-5.11.4.jar:/home/pouyan/.m2/repository/org/junit/jupiter/junit-jupiter-engine/5.11.4/junit-jupiter-engine-5.11.4.jar:/home/pouyan/.m2/repository/org/junit/platform/junit-platform-engine/1.11.4/junit-platform-engine-1.11.4.jar:/home/pouyan/.m2/repository/org/mockito/mockito-core/5.14.2/mockito-core-5.14.2.jar:/home/pouyan/.m2/repository/net/bytebuddy/byte-buddy-agent/1.15.11/byte-buddy-agent-1.15.11.jar:/home/pouyan/.m2/repository/org/objenesis/objenesis/3.3/objenesis-3.3.jar:/home/pouyan/.m2/repository/org/mockito/mockito-junit-jupiter/5.14.2/mockito-junit-jupiter-5.14.2.jar:/home/pouyan/.m2/repository/org/skyscreamer/jsonassert/1.5.3/jsonassert-1.5.3.jar:/home/pouyan/.m2/repository/com/vaadin/external/google/android-json/0.0.20131108.vaadin1/android-json-0.0.20131108.vaadin1.jar:/home/pouyan/.m2/repository/org/springframework/spring-core/6.2.1/spring-core-6.2.1.jar:/home/pouyan/.m2/repository/org/springframework/spring-jcl/6.2.1/spring-jcl-6.2.1.jar:/home/pouyan/.m2/repository/org/springframework/spring-test/6.2.1/spring-test-6.2.1.jar:/home/pouyan/.m2/repository/org/xmlunit/xmlunit-core/2.10.0/xmlunit-core-2.10.0.jar:/home/pouyan/.m2/repository/org/springframework/security/spring-security-test/6.4.2/spring-security-test-6.4.2.jar:/home/pouyan/.m2/repository/org/springframework/security/spring-security-core/6.4.2/spring-security-core-6.4.2.jar:/home/pouyan/.m2/repository/org/springframework/security/spring-security-crypto/6.4.2/spring-security-crypto-6.4.2.jar:/home/pouyan/.m2/repository/javax/xml/bind/jaxb-api/2.3.1/jaxb-api-2.3.1.jar:/home/pouyan/.m2/repository/javax/activation/javax.activation-api/1.2.0/javax.activation-api-1.2.0.jar:/home/pouyan/.m2/repository/com/sun/xml/bind/jaxb-impl/2.3.1/jaxb-impl-2.3.1.jar:/home/pouyan/.m2/repository/org/glassfish/jaxb/jaxb-runtime/2.3.1/jaxb-runtime-2.3.1.jar:/home/pouyan/.m2/repository/org/glassfish/jaxb/txw2/4.0.5/txw2-4.0.5.jar:/home/pouyan/.m2/repository/com/sun/istack/istack-commons-runtime/4.1.2/istack-commons-runtime-4.1.2.jar:/home/pouyan/.m2/repository/org/jvnet/staxex/stax-ex/2.1.0/stax-ex-2.1.0.jar:/home/pouyan/.m2/repository/com/sun/xml/fastinfoset/FastInfoset/2.1.1/FastInfoset-2.1.1.jar:/home/pouyan/.m2/repository/javax/activation/activation/1.1.1/activation-1.1.1.jar:"/>
    <property name="sun.cpu.endian" value="little"/>
    <property name="user.home" value="/home/pouyan"/>
    <property name="user.language" value="en"/>
    <property name="java.specification.vendor" value="Oracle Corporation"/>
    <property name="java.version.date" value="2024-10-15"/>
    <property name="java.home" value="/usr/lib/jvm/java-17-openjdk-amd64"/>
    <property name="file.separator" value="/"/>
    <property name="basedir" value="/home/pouyan/Documents/BackendSpringboot/BackendSpringboot"/>
    <property name="java.vm.compressedOopsMode" value="32-bit"/>
    <property name="line.separator" value="&#10;"/>
    <property name="java.specification.name" value="Java Platform API Specification"/>
    <property name="java.vm.specification.vendor" value="Oracle Corporation"/>
    <property name="FILE_LOG_CHARSET" value="UTF-8"/>
    <property name="java.awt.headless" value="true"/>
    <property name="surefire.real.class.path" value="/home/pouyan/Documents/BackendSpringboot/BackendSpringboot/target/surefire/surefirebooter-20250117150342956_3.jar"/>
    <property name="sun.management.compiler" value="HotSpot 64-Bit Tiered Compilers"/>
    <property name="java.runtime.version" value="17.0.13+11-Ubuntu-2ubuntu124.04"/>
    <property name="user.name" value="pouyan"/>
    <property name="path.separator" value=":"/>
    <property name="os.version" value="6.8.0-45-generic"/>
    <property name="java.runtime.name" value="OpenJDK Runtime Environment"/>
    <property name="file.encoding" value="UTF-8"/>
    <property name="java.vm.name" value="OpenJDK 64-Bit Server VM"/>
    <property name="localRepository" value="/home/pouyan/.m2/repository"/>
    <property name="java.vendor.url.bug" value="https://bugs.launchpad.net/ubuntu/+source/openjdk-17"/>
    <property name="java.io.tmpdir" value="/tmp"/>
    <property name="com.zaxxer.hikari.pool_number" value="1"/>
    <property name="java.version" value="17.0.13"/>
    <property name="user.dir" value="/home/pouyan/Documents/BackendSpringboot/BackendSpringboot"/>
    <property name="os.arch" value="amd64"/>
    <property name="java.vm.specification.name" value="Java Virtual Machine Specification"/>
    <property name="PID" value="43009"/>
    <property name="CONSOLE_LOG_CHARSET" value="UTF-8"/>
    <property name="native.encoding" value="UTF-8"/>
    <property name="java.library.path" value="/usr/java/packages/lib:/usr/lib/x86_64-linux-gnu/jni:/lib/x86_64-linux-gnu:/usr/lib/x86_64-linux-gnu:/usr/lib/jni:/lib:/usr/lib"/>
    <property name="java.vm.info" value="mixed mode, sharing"/>
    <property name="java.vendor" value="Ubuntu"/>
    <property name="java.vm.version" value="17.0.13+11-Ubuntu-2ubuntu124.04"/>
    <property name="java.specification.maintenance.version" value="1"/>
    <property name="sun.io.unicode.encoding" value="UnicodeLittle"/>
    <property name="java.class.version" value="61.0"/>
  </properties>
  <testcase name="contextLoads" classname="com.example.quiz.QuizApplicationTests" time="0.753">
    <system-out><![CDATA[15:03:44.189 [main] INFO org.springframework.test.context.support.AnnotationConfigContextLoaderUtils -- Could not detect default configuration classes for test class [com.example.quiz.QuizApplicationTests]: QuizApplicationTests does not declare any static, non-private, non-final, nested classes annotated with @Configuration.
15:03:44.359 [main] INFO org.springframework.boot.test.context.SpringBootTestContextBootstrapper -- Found @SpringBootConfiguration com.example.quiz.QuizApplication for test class com.example.quiz.QuizApplicationTests

  .   ____          _            __ _ _
 /\\ / ___'_ __ _ _(_)_ __  __ _ \ \ \ \
( ( )\___ | '_ | '_| | '_ \/ _` | \ \ \ \
 \\/  ___)| |_)| | | | | || (_| |  ) ) ) )
  '  |____| .__|_| |_|_| |_\__, | / / / /
 =========|_|==============|___/=/_/_/_/

 :: Spring Boot ::                (v3.4.1)

2025-01-17T15:03:45.053+03:30  INFO 43009 --- [           main] com.example.quiz.QuizApplicationTests    : Starting QuizApplicationTests using Java 17.0.13 with PID 43009 (started by pouyan in /home/pouyan/Documents/BackendSpringboot/BackendSpringboot)
2025-01-17T15:03:45.055+03:30 DEBUG 43009 --- [           main] com.example.quiz.QuizApplicationTests    : Running with Spring Boot v3.4.1, Spring v6.2.1
2025-01-17T15:03:45.057+03:30  INFO 43009 --- [           main] com.example.quiz.QuizApplicationTests    : No active profile set, falling back to 1 default profile: "default"
2025-01-17T15:03:46.182+03:30  INFO 43009 --- [           main] .s.d.r.c.RepositoryConfigurationDelegate : Bootstrapping Spring Data JPA repositories in DEFAULT mode.
2025-01-17T15:03:46.295+03:30  INFO 43009 --- [           main] .s.d.r.c.RepositoryConfigurationDelegate : Finished Spring Data repository scanning in 98 ms. Found 4 JPA repository interfaces.
2025-01-17T15:03:47.218+03:30  INFO 43009 --- [           main] o.hibernate.jpa.internal.util.LogHelper  : HHH000204: Processing PersistenceUnitInfo [name: default]
2025-01-17T15:03:47.308+03:30  INFO 43009 --- [           main] org.hibernate.Version                    : HHH000412: Hibernate ORM core version 6.6.4.Final
2025-01-17T15:03:47.364+03:30  INFO 43009 --- [           main] o.h.c.internal.RegionFactoryInitiator    : HHH000026: Second-level cache disabled
2025-01-17T15:03:47.808+03:30  INFO 43009 --- [           main] o.s.o.j.p.SpringPersistenceUnitInfo      : No LoadTimeWeaver setup: ignoring JPA class transformer
2025-01-17T15:03:47.855+03:30  INFO 43009 --- [           main] com.zaxxer.hikari.HikariDataSource       : HikariPool-1 - Starting...
2025-01-17T15:03:48.361+03:30  INFO 43009 --- [           main] com.zaxxer.hikari.pool.HikariPool        : HikariPool-1 - Added connection com.mysql.cj.jdbc.ConnectionImpl@460f1cdb
2025-01-17T15:03:48.364+03:30  INFO 43009 --- [           main] com.zaxxer.hikari.HikariDataSource       : HikariPool-1 - Start completed.
2025-01-17T15:03:48.426+03:30  WARN 43009 --- [           main] org.hibernate.orm.deprecation            : HHH90000025: MySQL8Dialect does not need to be specified explicitly using 'hibernate.dialect' (remove the property setting and it will be selected by default)
2025-01-17T15:03:48.428+03:30  WARN 43009 --- [           main] org.hibernate.orm.deprecation            : HHH90000026: MySQL8Dialect has been deprecated; use org.hibernate.dialect.MySQLDialect instead
2025-01-17T15:03:48.456+03:30  INFO 43009 --- [           main] org.hibernate.orm.connections.pooling    : HHH10001005: Database info:
	Database JDBC URL [Connecting through datasource 'HikariDataSource (HikariPool-1)']
	Database driver: undefined/unknown
	Database version: 8.0
	Autocommit mode: undefined/unknown
	Isolation level: undefined/unknown
	Minimum pool size: undefined/unknown
	Maximum pool size: undefined/unknown
2025-01-17T15:03:49.975+03:30  INFO 43009 --- [           main] o.h.e.t.j.p.i.JtaPlatformInitiator       : HHH000489: No JTA platform available (set 'hibernate.transaction.jta.platform' to enable JTA platform integration)
2025-01-17T15:03:50.220+03:30  INFO 43009 --- [           main] j.LocalContainerEntityManagerFactoryBean : Initialized JPA EntityManagerFactory for persistence unit 'default'
2025-01-17T15:03:51.039+03:30 DEBUG 43009 --- [           main] .PrePostAnnotationSecurityMetadataSource : @org.springframework.security.access.prepost.PreAuthorize("hasRole(\'DESIGNER\')") found on: com.example.quiz.controller.DesignerController
2025-01-17T15:03:51.087+03:30 DEBUG 43009 --- [           main] m.DelegatingMethodSecurityMetadataSource : Caching method [CacheKey[com.example.quiz.controller.DesignerController; public org.springframework.http.ResponseEntity com.example.quiz.controller.DesignerController.getQuestions(java.lang.String,java.lang.Integer)]] with attributes [[authorize: 'hasRole('DESIGNER')', filter: 'null', filterTarget: 'null']]
2025-01-17T15:03:51.117+03:30 DEBUG 43009 --- [           main] .PrePostAnnotationSecurityMetadataSource : @org.springframework.security.access.prepost.PreAuthorize("hasRole(\'DESIGNER\')") found on: com.example.quiz.controller.DesignerController
2025-01-17T15:03:51.118+03:30 DEBUG 43009 --- [           main] m.DelegatingMethodSecurityMetadataSource : Caching method [CacheKey[com.example.quiz.controller.DesignerController; public org.springframework.http.ResponseEntity com.example.quiz.controller.DesignerController.createQuestion(com.example.quiz.dto.request.QuestionRequest)]] with attributes [[authorize: 'hasRole('DESIGNER')', filter: 'null', filterTarget: 'null']]
2025-01-17T15:03:51.119+03:30 DEBUG 43009 --- [           main] .PrePostAnnotationSecurityMetadataSource : @org.springframework.security.access.prepost.PreAuthorize("hasRole(\'DESIGNER\')") found on: com.example.quiz.controller.DesignerController
2025-01-17T15:03:51.120+03:30 DEBUG 43009 --- [           main] m.DelegatingMethodSecurityMetadataSource : Caching method [CacheKey[com.example.quiz.controller.DesignerController; public org.springframework.http.ResponseEntity com.example.quiz.controller.DesignerController.getQuestion(java.lang.Long)]] with attributes [[authorize: 'hasRole('DESIGNER')', filter: 'null', filterTarget: 'null']]
2025-01-17T15:03:51.120+03:30 DEBUG 43009 --- [           main] .PrePostAnnotationSecurityMetadataSource : @org.springframework.security.access.prepost.PreAuthorize("hasRole(\'DESIGNER\')") found on: com.example.quiz.controller.DesignerController
2025-01-17T15:03:51.121+03:30 DEBUG 43009 --- [           main] m.DelegatingMethodSecurityMetadataSource : Caching method [CacheKey[com.example.quiz.controller.DesignerController; public org.springframework.http.ResponseEntity com.example.quiz.controller.DesignerController.updateQuestion(java.lang.Long,com.example.quiz.dto.request.QuestionRequest)]] with attributes [[authorize: 'hasRole('DESIGNER')', filter: 'null', filterTarget: 'null']]
2025-01-17T15:03:51.121+03:30 DEBUG 43009 --- [           main] .PrePostAnnotationSecurityMetadataSource : @org.springframework.security.access.prepost.PreAuthorize("hasRole(\'DESIGNER\')") found on: com.example.quiz.controller.DesignerController
2025-01-17T15:03:51.122+03:30 DEBUG 43009 --- [           main] m.DelegatingMethodSecurityMetadataSource : Caching method [CacheKey[com.example.quiz.controller.DesignerController; public org.springframework.http.ResponseEntity com.example.quiz.controller.DesignerController.deleteQuestion(java.lang.Long)]] with attributes [[authorize: 'hasRole('DESIGNER')', filter: 'null', filterTarget: 'null']]
2025-01-17T15:03:51.122+03:30 DEBUG 43009 --- [           main] .PrePostAnnotationSecurityMetadataSource : @org.springframework.security.access.prepost.PreAuthorize("hasRole(\'DESIGNER\')") found on: com.example.quiz.controller.DesignerController
2025-01-17T15:03:51.123+03:30 DEBUG 43009 --- [           main] m.DelegatingMethodSecurityMetadataSource : Caching method [CacheKey[com.example.quiz.controller.DesignerController; public org.springframework.http.ResponseEntity com.example.quiz.controller.DesignerController.addRelatedQuestion(java.lang.Long,java.lang.Long)]] with attributes [[authorize: 'hasRole('DESIGNER')', filter: 'null', filterTarget: 'null']]
2025-01-17T15:03:51.123+03:30 DEBUG 43009 --- [           main] .PrePostAnnotationSecurityMetadataSource : @org.springframework.security.access.prepost.PreAuthorize("hasRole(\'DESIGNER\')") found on: com.example.quiz.controller.DesignerController
2025-01-17T15:03:51.124+03:30 DEBUG 43009 --- [           main] m.DelegatingMethodSecurityMetadataSource : Caching method [CacheKey[com.example.quiz.controller.DesignerController; public org.springframework.http.ResponseEntity com.example.quiz.controller.DesignerController.removeRelatedQuestion(java.lang.Long,java.lang.Long)]] with attributes [[authorize: 'hasRole('DESIGNER')', filter: 'null', filterTarget: 'null']]
2025-01-17T15:03:51.124+03:30 DEBUG 43009 --- [           main] .PrePostAnnotationSecurityMetadataSource : @org.springframework.security.access.prepost.PreAuthorize("hasRole(\'DESIGNER\')") found on: com.example.quiz.controller.DesignerController
2025-01-17T15:03:51.125+03:30 DEBUG 43009 --- [           main] m.DelegatingMethodSecurityMetadataSource : Caching method [CacheKey[com.example.quiz.controller.DesignerController; public org.springframework.http.ResponseEntity com.example.quiz.controller.DesignerController.getCategories()]] with attributes [[authorize: 'hasRole('DESIGNER')', filter: 'null', filterTarget: 'null']]
2025-01-17T15:03:51.125+03:30 DEBUG 43009 --- [           main] .PrePostAnnotationSecurityMetadataSource : @org.springframework.security.access.prepost.PreAuthorize("hasRole(\'DESIGNER\')") found on: com.example.quiz.controller.DesignerController
2025-01-17T15:03:51.126+03:30 DEBUG 43009 --- [           main] m.DelegatingMethodSecurityMetadataSource : Caching method [CacheKey[com.example.quiz.controller.DesignerController; public org.springframework.http.ResponseEntity com.example.quiz.controller.DesignerController.createCategory(com.example.quiz.dto.request.CategoryRequest)]] with attributes [[authorize: 'hasRole('DESIGNER')', filter: 'null', filterTarget: 'null']]
2025-01-17T15:03:51.126+03:30 DEBUG 43009 --- [           main] .PrePostAnnotationSecurityMetadataSource : @org.springframework.security.access.prepost.PreAuthorize("hasRole(\'DESIGNER\')") found on: com.example.quiz.controller.DesignerController
2025-01-17T15:03:51.127+03:30 DEBUG 43009 --- [           main] m.DelegatingMethodSecurityMetadataSource : Caching method [CacheKey[com.example.quiz.controller.DesignerController; public org.springframework.http.ResponseEntity com.example.quiz.controller.DesignerController.updateCategory(java.lang.Long,com.example.quiz.dto.request.CategoryRequest)]] with attributes [[authorize: 'hasRole('DESIGNER')', filter: 'null', filterTarget: 'null']]
2025-01-17T15:03:51.128+03:30 DEBUG 43009 --- [           main] .PrePostAnnotationSecurityMetadataSource : @org.springframework.security.access.prepost.PreAuthorize("hasRole(\'DESIGNER\')") found on: com.example.quiz.controller.DesignerController
2025-01-17T15:03:51.128+03:30 DEBUG 43009 --- [           main] m.DelegatingMethodSecurityMetadataSource : Caching method [CacheKey[com.example.quiz.controller.DesignerController; public org.springframework.http.ResponseEntity com.example.quiz.controller.DesignerController.deleteCategory(java.lang.Long)]] with attributes [[authorize: 'hasRole('DESIGNER')', filter: 'null', filterTarget: 'null']]
2025-01-17T15:03:51.216+03:30 DEBUG 43009 --- [           main] .PrePostAnnotationSecurityMetadataSource : @org.springframework.security.access.prepost.PreAuthorize("hasRole(\'PLAYER\')") found on: com.example.quiz.controller.PlayerController
2025-01-17T15:03:51.217+03:30 DEBUG 43009 --- [           main] m.DelegatingMethodSecurityMetadataSource : Caching method [CacheKey[com.example.quiz.controller.PlayerController; public org.springframework.http.ResponseEntity com.example.quiz.controller.PlayerController.getQuestions(java.lang.String,java.lang.Integer)]] with attributes [[authorize: 'hasRole('PLAYER')', filter: 'null', filterTarget: 'null']]
2025-01-17T15:03:51.219+03:30 DEBUG 43009 --- [           main] .PrePostAnnotationSecurityMetadataSource : @org.springframework.security.access.prepost.PreAuthorize("hasRole(\'PLAYER\')") found on: com.example.quiz.controller.PlayerController
2025-01-17T15:03:51.220+03:30 DEBUG 43009 --- [           main] m.DelegatingMethodSecurityMetadataSource : Caching method [CacheKey[com.example.quiz.controller.PlayerController; public org.springframework.http.ResponseEntity com.example.quiz.controller.PlayerController.submitAnswer(java.lang.Long,com.example.quiz.dto.request.AnswerRequest)]] with attributes [[authorize: 'hasRole('PLAYER')', filter: 'null', filterTarget: 'null']]
2025-01-17T15:03:51.220+03:30 DEBUG 43009 --- [           main] .PrePostAnnotationSecurityMetadataSource : @org.springframework.security.access.prepost.PreAuthorize("hasRole(\'PLAYER\')") found on: com.example.quiz.controller.PlayerController
2025-01-17T15:03:51.221+03:30 DEBUG 43009 --- [           main] m.DelegatingMethodSecurityMetadataSource : Caching method [CacheKey[com.example.quiz.controller.PlayerController; public org.springframework.http.ResponseEntity com.example.quiz.controller.PlayerController.getLeaderboard()]] with attributes [[authorize: 'hasRole('PLAYER')', filter: 'null', filterTarget: 'null']]
2025-01-17T15:03:51.221+03:30 DEBUG 43009 --- [           main] .PrePostAnnotationSecurityMetadataSource : @org.springframework.security.access.prepost.PreAuthorize("hasRole(\'PLAYER\')") found on: com.example.quiz.controller.PlayerController
2025-01-17T15:03:51.222+03:30 DEBUG 43009 --- [           main] m.DelegatingMethodSecurityMetadataSource : Caching method [CacheKey[com.example.quiz.controller.PlayerController; public org.springframework.http.ResponseEntity com.example.quiz.controller.PlayerController.followDesigner(java.lang.Long)]] with attributes [[authorize: 'hasRole('PLAYER')', filter: 'null', filterTarget: 'null']]
2025-01-17T15:03:51.222+03:30 DEBUG 43009 --- [           main] .PrePostAnnotationSecurityMetadataSource : @org.springframework.security.access.prepost.PreAuthorize("hasRole(\'PLAYER\')") found on: com.example.quiz.controller.PlayerController
2025-01-17T15:03:51.222+03:30 DEBUG 43009 --- [           main] m.DelegatingMethodSecurityMetadataSource : Caching method [CacheKey[com.example.quiz.controller.PlayerController; public org.springframework.http.ResponseEntity com.example.quiz.controller.PlayerController.followPlayer(java.lang.Long)]] with attributes [[authorize: 'hasRole('PLAYER')', filter: 'null', filterTarget: 'null']]
2025-01-17T15:03:51.223+03:30 DEBUG 43009 --- [           main] .PrePostAnnotationSecurityMetadataSource : @org.springframework.security.access.prepost.PreAuthorize("hasRole(\'PLAYER\')") found on: com.example.quiz.controller.PlayerController
2025-01-17T15:03:51.223+03:30 DEBUG 43009 --- [           main] m.DelegatingMethodSecurityMetadataSource : Caching method [CacheKey[com.example.quiz.controller.PlayerController; public org.springframework.http.ResponseEntity com.example.quiz.controller.PlayerController.unfollowDesigner(java.lang.Long)]] with attributes [[authorize: 'hasRole('PLAYER')', filter: 'null', filterTarget: 'null']]
2025-01-17T15:03:51.224+03:30 DEBUG 43009 --- [           main] .PrePostAnnotationSecurityMetadataSource : @org.springframework.security.access.prepost.PreAuthorize("hasRole(\'PLAYER\')") found on: com.example.quiz.controller.PlayerController
2025-01-17T15:03:51.224+03:30 DEBUG 43009 --- [           main] m.DelegatingMethodSecurityMetadataSource : Caching method [CacheKey[com.example.quiz.controller.PlayerController; public org.springframework.http.ResponseEntity com.example.quiz.controller.PlayerController.unfollowPlayer(java.lang.Long)]] with attributes [[authorize: 'hasRole('PLAYER')', filter: 'null', filterTarget: 'null']]
2025-01-17T15:03:51.224+03:30 DEBUG 43009 --- [           main] .PrePostAnnotationSecurityMetadataSource : @org.springframework.security.access.prepost.PreAuthorize("hasRole(\'PLAYER\')") found on: com.example.quiz.controller.PlayerController
2025-01-17T15:03:51.225+03:30 DEBUG 43009 --- [           main] m.DelegatingMethodSecurityMetadataSource : Caching method [CacheKey[com.example.quiz.controller.PlayerController; public org.springframework.http.ResponseEntity com.example.quiz.controller.PlayerController.getRandomQuestion()]] with attributes [[authorize: 'hasRole('PLAYER')', filter: 'null', filterTarget: 'null']]
2025-01-17T15:03:51.328+03:30  WARN 43009 --- [           main] JpaBaseConfiguration$JpaWebConfiguration : spring.jpa.open-in-view is enabled by default. Therefore, database queries may be performed during view rendering. Explicitly configure spring.jpa.open-in-view to disable this warning
2025-01-17T15:03:51.375+03:30  WARN 43009 --- [           main] .s.s.UserDetailsServiceAutoConfiguration : 

Using generated security password: fa8b1386-ff1f-4be7-acef-bf233495721b

This generated password is for development use only. Your security configuration must be updated before running your application in production.

2025-01-17T15:03:51.384+03:30  INFO 43009 --- [           main] r$InitializeUserDetailsManagerConfigurer : Global AuthenticationManager configured with UserDetailsService bean with name inMemoryUserDetailsManager
2025-01-17T15:03:52.207+03:30 DEBUG 43009 --- [           main] o.s.s.web.DefaultSecurityFilterChain     : Will secure any request with filters: DisableEncodeUrlFilter, WebAsyncManagerIntegrationFilter, SecurityContextHolderFilter, HeaderWriterFilter, CorsFilter, LogoutFilter, JwtAuthenticationFilter, RequestCacheAwareFilter, SecurityContextHolderAwareRequestFilter, AnonymousAuthenticationFilter, SessionManagementFilter, ExceptionTranslationFilter, AuthorizationFilter
2025-01-17T15:03:52.973+03:30  INFO 43009 --- [           main] com.example.quiz.QuizApplicationTests    : Started QuizApplicationTests in 8.383 seconds (process running for 9.923)
]]></system-out>
  </testcase>
</testsuite>