<?xml version="1.0" encoding="UTF-8"?>
<testsuite xmlns:xsi="http://www.w3.org/2001/XMLSchema-instance" xsi:noNamespaceSchemaLocation="https://maven.apache.org/surefire/maven-surefire-plugin/xsd/surefire-test-report.xsd" version="3.0.2" name="com.example.quiz.QuizApplicationTests" time="9.558" tests="1" errors="0" skipped="0" failures="0">
  <properties>
    <property name="java.specification.version" value="17"/>
    <property name="sun.jnu.encoding" value="UTF-8"/>
    <property name="java.class.path" value="/home/pouyan/Documents/BackendSpringboot/BackendSpringboot/target/test-classes:/home/pouyan/Documents/BackendSpringboot/BackendSpringboot/target/classes:/home/pouyan/.m2/repository/org/springframework/boot/spring-boot-starter-data-jpa/3.4.1/spring-boot-starter-data-jpa-3.4.1.jar:/home/pouyan/.m2/repository/org/springframework/boot/spring-boot-starter/3.4.1/spring-boot-starter-3.4.1.jar:/home/pouyan/.m2/repository/org/springframework/boot/spring-boot/3.4.1/spring-boot-3.4.1.jar:/home/pouyan/.m2/repository/org/springframework/boot/spring-boot-autoconfigure/3.4.1/spring-boot-autoconfigure-3.4.1.jar:/home/pouyan/.m2/repository/org/springframework/boot/spring-boot-starter-logging/3.4.1/spring-boot-starter-logging-3.4.1.jar:/home/pouyan/.m2/repository/ch/qos/logback/logback-classic/1.5.12/logback-classic-1.5.12.jar:/home/pouyan/.m2/repository/ch/qos/logback/logback-core/1.5.12/logback-core-1.5.12.jar:/home/pouyan/.m2/repository/org/apache/logging/log4j/log4j-to-slf4j/2.24.3/log4j-to-slf4j-2.24.3.jar:/home/pouyan/.m2/repository/org/apache/logging/log4j/log4j-api/2.24.3/log4j-api-2.24.3.jar:/home/pouyan/.m2/repository/org/slf4j/jul-to-slf4j/2.0.16/jul-to-slf4j-2.0.16.jar:/home/pouyan/.m2/repository/jakarta/annotation/jakarta.annotation-api/2.1.1/jakarta.annotation-api-2.1.1.jar:/home/pouyan/.m2/repository/org/yaml/snakeyaml/2.3/snakeyaml-2.3.jar:/home/pouyan/.m2/repository/org/springframework/boot/spring-boot-starter-jdbc/3.4.1/spring-boot-starter-jdbc-3.4.1.jar:/home/pouyan/.m2/repository/com/zaxxer/HikariCP/5.1.0/HikariCP-5.1.0.jar:/home/pouyan/.m2/repository/org/springframework/spring-jdbc/6.2.1/spring-jdbc-6.2.1.jar:/home/pouyan/.m2/repository/org/hibernate/orm/hibernate-core/6.6.4.Final/hibernate-core-6.6.4.Final.jar:/home/pouyan/.m2/repository/org/jboss/logging/jboss-logging/3.6.1.Final/jboss-logging-3.6.1.Final.jar:/home/pouyan/.m2/repository/org/hibernate/common/hibernate-commons-annotations/7.0.3.Final/hibernate-commons-annotations-7.0.3.Final.jar:/home/pouyan/.m2/repository/io/smallrye/jandex/3.2.0/jandex-3.2.0.jar:/home/pouyan/.m2/repository/com/fasterxml/classmate/1.7.0/classmate-1.7.0.jar:/home/pouyan/.m2/repository/net/bytebuddy/byte-buddy/1.15.11/byte-buddy-1.15.11.jar:/home/pouyan/.m2/repository/org/glassfish/jaxb/jaxb-runtime/4.0.5/jaxb-runtime-4.0.5.jar:/home/pouyan/.m2/repository/org/glassfish/jaxb/jaxb-core/4.0.5/jaxb-core-4.0.5.jar:/home/pouyan/.m2/repository/org/eclipse/angus/angus-activation/2.0.2/angus-activation-2.0.2.jar:/home/pouyan/.m2/repository/org/glassfish/jaxb/txw2/4.0.5/txw2-4.0.5.jar:/home/pouyan/.m2/repository/com/sun/istack/istack-commons-runtime/4.1.2/istack-commons-runtime-4.1.2.jar:/home/pouyan/.m2/repository/jakarta/inject/jakarta.inject-api/2.0.1/jakarta.inject-api-2.0.1.jar:/home/pouyan/.m2/repository/org/antlr/antlr4-runtime/4.13.0/antlr4-runtime-4.13.0.jar:/home/pouyan/.m2/repository/org/springframework/data/spring-data-jpa/3.4.1/spring-data-jpa-3.4.1.jar:/home/pouyan/.m2/repository/org/springframework/data/spring-data-commons/3.4.1/spring-data-commons-3.4.1.jar:/home/pouyan/.m2/repository/org/springframework/spring-orm/6.2.1/spring-orm-6.2.1.jar:/home/pouyan/.m2/repository/org/springframework/spring-context/6.2.1/spring-context-6.2.1.jar:/home/pouyan/.m2/repository/org/springframework/spring-tx/6.2.1/spring-tx-6.2.1.jar:/home/pouyan/.m2/repository/org/springframework/spring-beans/6.2.1/spring-beans-6.2.1.jar:/home/pouyan/.m2/repository/org/slf4j/slf4j-api/2.0.16/slf4j-api-2.0.16.jar:/home/pouyan/.m2/repository/org/springframework/spring-aspects/6.2.1/spring-aspects-6.2.1.jar:/home/pouyan/.m2/repository/org/aspectj/aspectjweaver/1.9.22.1/aspectjweaver-1.9.22.1.jar:/home/pouyan/.m2/repository/org/springframework/boot/spring-boot-starter-security/3.4.1/spring-boot-starter-security-3.4.1.jar:/home/pouyan/.m2/repository/org/springframework/spring-aop/6.2.1/spring-aop-6.2.1.jar:/home/pouyan/.m2/repository/org/springframework/security/spring-security-config/6.4.2/spring-security-config-6.4.2.jar:/home/pouyan/.m2/repository/org/springframework/security/spring-security-web/6.4.2/spring-security-web-6.4.2.jar:/home/pouyan/.m2/repository/org/springframework/spring-expression/6.2.1/spring-expression-6.2.1.jar:/home/pouyan/.m2/repository/org/springframework/boot/spring-boot-starter-validation/3.4.1/spring-boot-starter-validation-3.4.1.jar:/home/pouyan/.m2/repository/org/apache/tomcat/embed/tomcat-embed-el/10.1.34/tomcat-embed-el-10.1.34.jar:/home/pouyan/.m2/repository/org/hibernate/validator/hibernate-validator/8.0.2.Final/hibernate-validator-8.0.2.Final.jar:/home/pouyan/.m2/repository/org/springframework/boot/spring-boot-starter-web/3.4.1/spring-boot-starter-web-3.4.1.jar:/home/pouyan/.m2/repository/org/springframework/boot/spring-boot-starter-json/3.4.1/spring-boot-starter-json-3.4.1.jar:/home/pouyan/.m2/repository/com/fasterxml/jackson/datatype/jackson-datatype-jdk8/2.18.2/jackson-datatype-jdk8-2.18.2.jar:/home/pouyan/.m2/repository/com/fasterxml/jackson/datatype/jackson-datatype-jsr310/2.18.2/jackson-datatype-jsr310-2.18.2.jar:/home/pouyan/.m2/repository/com/fasterxml/jackson/module/jackson-module-parameter-names/2.18.2/jackson-module-parameter-names-2.18.2.jar:/home/pouyan/.m2/repository/org/springframework/boot/spring-boot-starter-tomcat/3.4.1/spring-boot-starter-tomcat-3.4.1.jar:/home/pouyan/.m2/repository/org/apache/tomcat/embed/tomcat-embed-core/10.1.34/tomcat-embed-core-10.1.34.jar:/home/pouyan/.m2/repository/org/apache/tomcat/embed/tomcat-embed-websocket/10.1.34/tomcat-embed-websocket-10.1.34.jar:/home/pouyan/.m2/repository/org/springframework/spring-web/6.2.1/spring-web-6.2.1.jar:/home/pouyan/.m2/repository/io/micrometer/micrometer-observation/1.14.2/micrometer-observation-1.14.2.jar:/home/pouyan/.m2/repository/io/micrometer/micrometer-commons/1.14.2/micrometer-commons-1.14.2.jar:/home/pouyan/.m2/repository/org/springframework/spring-webmvc/6.2.1/spring-webmvc-6.2.1.jar:/home/pouyan/.m2/repository/javax/validation/validation-api/2.0.1.Final/validation-api-2.0.1.Final.jar:/home/pouyan/.m2/repository/com/mysql/mysql-connector-j/8.0.33/mysql-connector-j-8.0.33.jar:/home/pouyan/.m2/repository/jakarta/persistence/jakarta.persistence-api/3.1.0/jakarta.persistence-api-3.1.0.jar:/home/pouyan/.m2/repository/jakarta/validation/jakarta.validation-api/3.0.0/jakarta.validation-api-3.0.0.jar:/home/pouyan/.m2/repository/jakarta/transaction/jakarta.transaction-api/2.0.0/jakarta.transaction-api-2.0.0.jar:/home/pouyan/.m2/repository/io/jsonwebtoken/jjwt/0.9.1/jjwt-0.9.1.jar:/home/pouyan/.m2/repository/com/fasterxml/jackson/core/jackson-databind/2.18.2/jackson-databind-2.18.2.jar:/home/pouyan/.m2/repository/com/fasterxml/jackson/core/jackson-annotations/2.18.2/jackson-annotations-2.18.2.jar:/home/pouyan/.m2/repository/com/fasterxml/jackson/core/jackson-core/2.18.2/jackson-core-2.18.2.jar:/home/pouyan/.m2/repository/org/projectlombok/lombok/1.18.36/lombok-1.18.36.jar:/home/pouyan/.m2/repository/org/springframework/boot/spring-boot-starter-test/3.4.1/spring-boot-starter-test-3.4.1.jar:/home/pouyan/.m2/repository/org/springframework/boot/spring-boot-test/3.4.1/spring-boot-test-3.4.1.jar:/home/pouyan/.m2/repository/org/springframework/boot/spring-boot-test-autoconfigure/3.4.1/spring-boot-test-autoconfigure-3.4.1.jar:/home/pouyan/.m2/repository/com/jayway/jsonpath/json-path/2.9.0/json-path-2.9.0.jar:/home/pouyan/.m2/repository/jakarta/xml/bind/jakarta.xml.bind-api/4.0.2/jakarta.xml.bind-api-4.0.2.jar:/home/pouyan/.m2/repository/jakarta/activation/jakarta.activation-api/2.1.3/jakarta.activation-api-2.1.3.jar:/home/pouyan/.m2/repository/net/minidev/json-smart/2.5.1/json-smart-2.5.1.jar:/home/pouyan/.m2/repository/net/minidev/accessors-smart/2.5.1/accessors-smart-2.5.1.jar:/home/pouyan/.m2/repository/org/ow2/asm/asm/9.6/asm-9.6.jar:/home/pouyan/.m2/repository/org/assertj/assertj-core/3.26.3/assertj-core-3.26.3.jar:/home/pouyan/.m2/repository/org/awaitility/awaitility/4.2.2/awaitility-4.2.2.jar:/home/pouyan/.m2/repository/org/hamcrest/hamcrest/2.2/hamcrest-2.2.jar:/home/pouyan/.m2/repository/org/junit/jupiter/junit-jupiter/5.11.4/junit-jupiter-5.11.4.jar:/home/pouyan/.m2/repository/org/junit/jupiter/junit-jupiter-api/5.11.4/junit-jupiter-api-5.11.4.jar:/home/pouyan/.m2/repository/org/opentest4j/opentest4j/1.3.0/opentest4j-1.3.0.jar:/home/pouyan/.m2/repository/org/junit/platform/junit-platform-commons/1.11.4/junit-platform-commons-1.11.4.jar:/home/pouyan/.m2/repository/org/apiguardian/apiguardian-api/1.1.2/apiguardian-api-1.1.2.jar:/home/pouyan/.m2/repository/org/junit/jupiter/junit-jupiter-params/5.11.4/junit-jupiter-params-5.11.4.jar:/home/pouyan/.m2/repository/org/junit/jupiter/junit-jupiter-engine/5.11.4/junit-jupiter-engine-5.11.4.jar:/home/pouyan/.m2/repository/org/junit/platform/junit-platform-engine/1.11.4/junit-platform-engine-1.11.4.jar:/home/pouyan/.m2/repository/org/mockito/mockito-core/5.14.2/mockito-core-5.14.2.jar:/home/pouyan/.m2/repository/net/bytebuddy/byte-buddy-agent/1.15.11/byte-buddy-agent-1.15.11.jar:/home/pouyan/.m2/repository/org/objenesis/objenesis/3.3/objenesis-3.3.jar:/home/pouyan/.m2/repository/org/mockito/mockito-junit-jupiter/5.14.2/mockito-junit-jupiter-5.14.2.jar:/home/pouyan/.m2/repository/org/skyscreamer/jsonassert/1.5.3/jsonassert-1.5.3.jar:/home/pouyan/.m2/repository/com/vaadin/external/google/android-json/0.0.20131108.vaadin1/android-json-0.0.20131108.vaadin1.jar:/home/pouyan/.m2/repository/org/springframework/spring-core/6.2.1/spring-core-6.2.1.jar:/home/pouyan/.m2/repository/org/springframework/spring-jcl/6.2.1/spring-jcl-6.2.1.jar:/home/pouyan/.m2/repository/org/springframework/spring-test/6.2.1/spring-test-6.2.1.jar:/home/pouyan/.m2/repository/org/xmlunit/xmlunit-core/2.10.0/xmlunit-core-2.10.0.jar:/home/pouyan/.m2/repository/org/springframework/security/spring-security-test/6.4.2/spring-security-test-6.4.2.jar:/home/pouyan/.m2/repository/org/springframework/security/spring-security-core/6.4.2/spring-security-core-6.4.2.jar:/home/pouyan/.m2/repository/org/springframework/security/spring-security-crypto/6.4.2/spring-security-crypto-6.4.2.jar:"/>
    <property name="java.vm.vendor" value="Ubuntu"/>
    <property name="sun.arch.data.model" value="64"/>
    <property name="java.vendor.url" value="https://ubuntu.com/"/>
    <property name="user.timezone" value="Asia/Tehran"/>
    <property name="org.jboss.logging.provider" value="slf4j"/>
    <property name="os.name" value="Linux"/>
    <property name="java.vm.specification.version" value="17"/>
    <property name="sun.java.launcher" value="SUN_STANDARD"/>
    <property name="user.country" value="US"/>
    <property name="sun.boot.library.path" value="/usr/lib/jvm/java-17-openjdk-amd64/lib"/>
    <property name="sun.java.command" value="/home/pouyan/Documents/BackendSpringboot/BackendSpringboot/target/surefire/surefirebooter-20250117140634970_3.jar /home/pouyan/Documents/BackendSpringboot/BackendSpringboot/target/surefire 2025-01-17T14-06-29_040-jvmRun1 surefire-20250117140634970_1tmp surefire_0-20250117140634970_2tmp"/>
    <property name="jdk.debug" value="release"/>
    <property name="surefire.test.class.path" value="/home/pouyan/Documents/BackendSpringboot/BackendSpringboot/target/test-classes:/home/pouyan/Documents/BackendSpringboot/BackendSpringboot/target/classes:/home/pouyan/.m2/repository/org/springframework/boot/spring-boot-starter-data-jpa/3.4.1/spring-boot-starter-data-jpa-3.4.1.jar:/home/pouyan/.m2/repository/org/springframework/boot/spring-boot-starter/3.4.1/spring-boot-starter-3.4.1.jar:/home/pouyan/.m2/repository/org/springframework/boot/spring-boot/3.4.1/spring-boot-3.4.1.jar:/home/pouyan/.m2/repository/org/springframework/boot/spring-boot-autoconfigure/3.4.1/spring-boot-autoconfigure-3.4.1.jar:/home/pouyan/.m2/repository/org/springframework/boot/spring-boot-starter-logging/3.4.1/spring-boot-starter-logging-3.4.1.jar:/home/pouyan/.m2/repository/ch/qos/logback/logback-classic/1.5.12/logback-classic-1.5.12.jar:/home/pouyan/.m2/repository/ch/qos/logback/logback-core/1.5.12/logback-core-1.5.12.jar:/home/pouyan/.m2/repository/org/apache/logging/log4j/log4j-to-slf4j/2.24.3/log4j-to-slf4j-2.24.3.jar:/home/pouyan/.m2/repository/org/apache/logging/log4j/log4j-api/2.24.3/log4j-api-2.24.3.jar:/home/pouyan/.m2/repository/org/slf4j/jul-to-slf4j/2.0.16/jul-to-slf4j-2.0.16.jar:/home/pouyan/.m2/repository/jakarta/annotation/jakarta.annotation-api/2.1.1/jakarta.annotation-api-2.1.1.jar:/home/pouyan/.m2/repository/org/yaml/snakeyaml/2.3/snakeyaml-2.3.jar:/home/pouyan/.m2/repository/org/springframework/boot/spring-boot-starter-jdbc/3.4.1/spring-boot-starter-jdbc-3.4.1.jar:/home/pouyan/.m2/repository/com/zaxxer/HikariCP/5.1.0/HikariCP-5.1.0.jar:/home/pouyan/.m2/repository/org/springframework/spring-jdbc/6.2.1/spring-jdbc-6.2.1.jar:/home/pouyan/.m2/repository/org/hibernate/orm/hibernate-core/6.6.4.Final/hibernate-core-6.6.4.Final.jar:/home/pouyan/.m2/repository/org/jboss/logging/jboss-logging/3.6.1.Final/jboss-logging-3.6.1.Final.jar:/home/pouyan/.m2/repository/org/hibernate/common/hibernate-commons-annotations/7.0.3.Final/hibernate-commons-annotations-7.0.3.Final.jar:/home/pouyan/.m2/repository/io/smallrye/jandex/3.2.0/jandex-3.2.0.jar:/home/pouyan/.m2/repository/com/fasterxml/classmate/1.7.0/classmate-1.7.0.jar:/home/pouyan/.m2/repository/net/bytebuddy/byte-buddy/1.15.11/byte-buddy-1.15.11.jar:/home/pouyan/.m2/repository/org/glassfish/jaxb/jaxb-runtime/4.0.5/jaxb-runtime-4.0.5.jar:/home/pouyan/.m2/repository/org/glassfish/jaxb/jaxb-core/4.0.5/jaxb-core-4.0.5.jar:/home/pouyan/.m2/repository/org/eclipse/angus/angus-activation/2.0.2/angus-activation-2.0.2.jar:/home/pouyan/.m2/repository/org/glassfish/jaxb/txw2/4.0.5/txw2-4.0.5.jar:/home/pouyan/.m2/repository/com/sun/istack/istack-commons-runtime/4.1.2/istack-commons-runtime-4.1.2.jar:/home/pouyan/.m2/repository/jakarta/inject/jakarta.inject-api/2.0.1/jakarta.inject-api-2.0.1.jar:/home/pouyan/.m2/repository/org/antlr/antlr4-runtime/4.13.0/antlr4-runtime-4.13.0.jar:/home/pouyan/.m2/repository/org/springframework/data/spring-data-jpa/3.4.1/spring-data-jpa-3.4.1.jar:/home/pouyan/.m2/repository/org/springframework/data/spring-data-commons/3.4.1/spring-data-commons-3.4.1.jar:/home/pouyan/.m2/repository/org/springframework/spring-orm/6.2.1/spring-orm-6.2.1.jar:/home/pouyan/.m2/repository/org/springframework/spring-context/6.2.1/spring-context-6.2.1.jar:/home/pouyan/.m2/repository/org/springframework/spring-tx/6.2.1/spring-tx-6.2.1.jar:/home/pouyan/.m2/repository/org/springframework/spring-beans/6.2.1/spring-beans-6.2.1.jar:/home/pouyan/.m2/repository/org/slf4j/slf4j-api/2.0.16/slf4j-api-2.0.16.jar:/home/pouyan/.m2/repository/org/springframework/spring-aspects/6.2.1/spring-aspects-6.2.1.jar:/home/pouyan/.m2/repository/org/aspectj/aspectjweaver/1.9.22.1/aspectjweaver-1.9.22.1.jar:/home/pouyan/.m2/repository/org/springframework/boot/spring-boot-starter-security/3.4.1/spring-boot-starter-security-3.4.1.jar:/home/pouyan/.m2/repository/org/springframework/spring-aop/6.2.1/spring-aop-6.2.1.jar:/home/pouyan/.m2/repository/org/springframework/security/spring-security-config/6.4.2/spring-security-config-6.4.2.jar:/home/pouyan/.m2/repository/org/springframework/security/spring-security-web/6.4.2/spring-security-web-6.4.2.jar:/home/pouyan/.m2/repository/org/springframework/spring-expression/6.2.1/spring-expression-6.2.1.jar:/home/pouyan/.m2/repository/org/springframework/boot/spring-boot-starter-validation/3.4.1/spring-boot-starter-validation-3.4.1.jar:/home/pouyan/.m2/repository/org/apache/tomcat/embed/tomcat-embed-el/10.1.34/tomcat-embed-el-10.1.34.jar:/home/pouyan/.m2/repository/org/hibernate/validator/hibernate-validator/8.0.2.Final/hibernate-validator-8.0.2.Final.jar:/home/pouyan/.m2/repository/org/springframework/boot/spring-boot-starter-web/3.4.1/spring-boot-starter-web-3.4.1.jar:/home/pouyan/.m2/repository/org/springframework/boot/spring-boot-starter-json/3.4.1/spring-boot-starter-json-3.4.1.jar:/home/pouyan/.m2/repository/com/fasterxml/jackson/datatype/jackson-datatype-jdk8/2.18.2/jackson-datatype-jdk8-2.18.2.jar:/home/pouyan/.m2/repository/com/fasterxml/jackson/datatype/jackson-datatype-jsr310/2.18.2/jackson-datatype-jsr310-2.18.2.jar:/home/pouyan/.m2/repository/com/fasterxml/jackson/module/jackson-module-parameter-names/2.18.2/jackson-module-parameter-names-2.18.2.jar:/home/pouyan/.m2/repository/org/springframework/boot/spring-boot-starter-tomcat/3.4.1/spring-boot-starter-tomcat-3.4.1.jar:/home/pouyan/.m2/repository/org/apache/tomcat/embed/tomcat-embed-core/10.1.34/tomcat-embed-core-10.1.34.jar:/home/pouyan/.m2/repository/org/apache/tomcat/embed/tomcat-embed-websocket/10.1.34/tomcat-embed-websocket-10.1.34.jar:/home/pouyan/.m2/repository/org/springframework/spring-web/6.2.1/spring-web-6.2.1.jar:/home/pouyan/.m2/repository/io/micrometer/micrometer-observation/1.14.2/micrometer-observation-1.14.2.jar:/home/pouyan/.m2/repository/io/micrometer/micrometer-commons/1.14.2/micrometer-commons-1.14.2.jar:/home/pouyan/.m2/repository/org/springframework/spring-webmvc/6.2.1/spring-webmvc-6.2.1.jar:/home/pouyan/.m2/repository/javax/validation/validation-api/2.0.1.Final/validation-api-2.0.1.Final.jar:/home/pouyan/.m2/repository/com/mysql/mysql-connector-j/8.0.33/mysql-connector-j-8.0.33.jar:/home/pouyan/.m2/repository/jakarta/persistence/jakarta.persistence-api/3.1.0/jakarta.persistence-api-3.1.0.jar:/home/pouyan/.m2/repository/jakarta/validation/jakarta.validation-api/3.0.0/jakarta.validation-api-3.0.0.jar:/home/pouyan/.m2/repository/jakarta/transaction/jakarta.transaction-api/2.0.0/jakarta.transaction-api-2.0.0.jar:/home/pouyan/.m2/repository/io/jsonwebtoken/jjwt/0.9.1/jjwt-0.9.1.jar:/home/pouyan/.m2/repository/com/fasterxml/jackson/core/jackson-databind/2.18.2/jackson-databind-2.18.2.jar:/home/pouyan/.m2/repository/com/fasterxml/jackson/core/jackson-annotations/2.18.2/jackson-annotations-2.18.2.jar:/home/pouyan/.m2/repository/com/fasterxml/jackson/core/jackson-core/2.18.2/jackson-core-2.18.2.jar:/home/pouyan/.m2/repository/org/projectlombok/lombok/1.18.36/lombok-1.18.36.jar:/home/pouyan/.m2/repository/org/springframework/boot/spring-boot-starter-test/3.4.1/spring-boot-starter-test-3.4.1.jar:/home/pouyan/.m2/repository/org/springframework/boot/spring-boot-test/3.4.1/spring-boot-test-3.4.1.jar:/home/pouyan/.m2/repository/org/springframework/boot/spring-boot-test-autoconfigure/3.4.1/spring-boot-test-autoconfigure-3.4.1.jar:/home/pouyan/.m2/repository/com/jayway/jsonpath/json-path/2.9.0/json-path-2.9.0.jar:/home/pouyan/.m2/repository/jakarta/xml/bind/jakarta.xml.bind-api/4.0.2/jakarta.xml.bind-api-4.0.2.jar:/home/pouyan/.m2/repository/jakarta/activation/jakarta.activation-api/2.1.3/jakarta.activation-api-2.1.3.jar:/home/pouyan/.m2/repository/net/minidev/json-smart/2.5.1/json-smart-2.5.1.jar:/home/pouyan/.m2/repository/net/minidev/accessors-smart/2.5.1/accessors-smart-2.5.1.jar:/home/pouyan/.m2/repository/org/ow2/asm/asm/9.6/asm-9.6.jar:/home/pouyan/.m2/repository/org/assertj/assertj-core/3.26.3/assertj-core-3.26.3.jar:/home/pouyan/.m2/repository/org/awaitility/awaitility/4.2.2/awaitility-4.2.2.jar:/home/pouyan/.m2/repository/org/hamcrest/hamcrest/2.2/hamcrest-2.2.jar:/home/pouyan/.m2/repository/org/junit/jupiter/junit-jupiter/5.11.4/junit-jupiter-5.11.4.jar:/home/pouyan/.m2/repository/org/junit/jupiter/junit-jupiter-api/5.11.4/junit-jupiter-api-5.11.4.jar:/home/pouyan/.m2/repository/org/opentest4j/opentest4j/1.3.0/opentest4j-1.3.0.jar:/home/pouyan/.m2/repository/org/junit/platform/junit-platform-commons/1.11.4/junit-platform-commons-1.11.4.jar:/home/pouyan/.m2/repository/org/apiguardian/apiguardian-api/1.1.2/apiguardian-api-1.1.2.jar:/home/pouyan/.m2/repository/org/junit/jupiter/junit-jupiter-params/5.11.4/junit-jupiter-params-5.11.4.jar:/home/pouyan/.m2/repository/org/junit/jupiter/junit-jupiter-engine/5.11.4/junit-jupiter-engine-5.11.4.jar:/home/pouyan/.m2/repository/org/junit/platform/junit-platform-engine/1.11.4/junit-platform-engine-1.11.4.jar:/home/pouyan/.m2/repository/org/mockito/mockito-core/5.14.2/mockito-core-5.14.2.jar:/home/pouyan/.m2/repository/net/bytebuddy/byte-buddy-agent/1.15.11/byte-buddy-agent-1.15.11.jar:/home/pouyan/.m2/repository/org/objenesis/objenesis/3.3/objenesis-3.3.jar:/home/pouyan/.m2/repository/org/mockito/mockito-junit-jupiter/5.14.2/mockito-junit-jupiter-5.14.2.jar:/home/pouyan/.m2/repository/org/skyscreamer/jsonassert/1.5.3/jsonassert-1.5.3.jar:/home/pouyan/.m2/repository/com/vaadin/external/google/android-json/0.0.20131108.vaadin1/android-json-0.0.20131108.vaadin1.jar:/home/pouyan/.m2/repository/org/springframework/spring-core/6.2.1/spring-core-6.2.1.jar:/home/pouyan/.m2/repository/org/springframework/spring-jcl/6.2.1/spring-jcl-6.2.1.jar:/home/pouyan/.m2/repository/org/springframework/spring-test/6.2.1/spring-test-6.2.1.jar:/home/pouyan/.m2/repository/org/xmlunit/xmlunit-core/2.10.0/xmlunit-core-2.10.0.jar:/home/pouyan/.m2/repository/org/springframework/security/spring-security-test/6.4.2/spring-security-test-6.4.2.jar:/home/pouyan/.m2/repository/org/springframework/security/spring-security-core/6.4.2/spring-security-core-6.4.2.jar:/home/pouyan/.m2/repository/org/springframework/security/spring-security-crypto/6.4.2/spring-security-crypto-6.4.2.jar:"/>
    <property name="sun.cpu.endian" value="little"/>
    <property name="user.home" value="/home/pouyan"/>
    <property name="user.language" value="en"/>
    <property name="java.specification.vendor" value="Oracle Corporation"/>
    <property name="java.version.date" value="2024-10-15"/>
    <property name="java.home" value="/usr/lib/jvm/java-17-openjdk-amd64"/>
    <property name="file.separator" value="/"/>
    <property name="basedir" value="/home/pouyan/Documents/BackendSpringboot/BackendSpringboot"/>
    <property name="java.vm.compressedOopsMode" value="32-bit"/>
    <property name="line.separator" value="&#10;"/>
    <property name="java.specification.name" value="Java Platform API Specification"/>
    <property name="java.vm.specification.vendor" value="Oracle Corporation"/>
    <property name="FILE_LOG_CHARSET" value="UTF-8"/>
    <property name="java.awt.headless" value="true"/>
    <property name="surefire.real.class.path" value="/home/pouyan/Documents/BackendSpringboot/BackendSpringboot/target/surefire/surefirebooter-20250117140634970_3.jar"/>
    <property name="sun.management.compiler" value="HotSpot 64-Bit Tiered Compilers"/>
    <property name="java.runtime.version" value="17.0.13+11-Ubuntu-2ubuntu124.04"/>
    <property name="user.name" value="pouyan"/>
    <property name="path.separator" value=":"/>
    <property name="os.version" value="6.8.0-45-generic"/>
    <property name="java.runtime.name" value="OpenJDK Runtime Environment"/>
    <property name="file.encoding" value="UTF-8"/>
    <property name="java.vm.name" value="OpenJDK 64-Bit Server VM"/>
    <property name="localRepository" value="/home/pouyan/.m2/repository"/>
    <property name="java.vendor.url.bug" value="https://bugs.launchpad.net/ubuntu/+source/openjdk-17"/>
    <property name="java.io.tmpdir" value="/tmp"/>
    <property name="com.zaxxer.hikari.pool_number" value="1"/>
    <property name="java.version" value="17.0.13"/>
    <property name="user.dir" value="/home/pouyan/Documents/BackendSpringboot/BackendSpringboot"/>
    <property name="os.arch" value="amd64"/>
    <property name="java.vm.specification.name" value="Java Virtual Machine Specification"/>
    <property name="PID" value="34494"/>
    <property name="CONSOLE_LOG_CHARSET" value="UTF-8"/>
    <property name="native.encoding" value="UTF-8"/>
    <property name="java.library.path" value="/usr/java/packages/lib:/usr/lib/x86_64-linux-gnu/jni:/lib/x86_64-linux-gnu:/usr/lib/x86_64-linux-gnu:/usr/lib/jni:/lib:/usr/lib"/>
    <property name="java.vm.info" value="mixed mode, sharing"/>
    <property name="java.vendor" value="Ubuntu"/>
    <property name="java.vm.version" value="17.0.13+11-Ubuntu-2ubuntu124.04"/>
    <property name="java.specification.maintenance.version" value="1"/>
    <property name="sun.io.unicode.encoding" value="UnicodeLittle"/>
    <property name="java.class.version" value="61.0"/>
  </properties>
  <testcase name="contextLoads" classname="com.example.quiz.QuizApplicationTests" time="0.575">
    <system-out><![CDATA[14:06:36.049 [main] INFO org.springframework.test.context.support.AnnotationConfigContextLoaderUtils -- Could not detect default configuration classes for test class [com.example.quiz.QuizApplicationTests]: QuizApplicationTests does not declare any static, non-private, non-final, nested classes annotated with @Configuration.
14:06:36.232 [main] INFO org.springframework.boot.test.context.SpringBootTestContextBootstrapper -- Found @SpringBootConfiguration com.example.quiz.QuizApplication for test class com.example.quiz.QuizApplicationTests

  .   ____          _            __ _ _
 /\\ / ___'_ __ _ _(_)_ __  __ _ \ \ \ \
( ( )\___ | '_ | '_| | '_ \/ _` | \ \ \ \
 \\/  ___)| |_)| | | | | || (_| |  ) ) ) )
  '  |____| .__|_| |_|_| |_\__, | / / / /
 =========|_|==============|___/=/_/_/_/

 :: Spring Boot ::                (v3.4.1)

2025-01-17T14:06:36.871+03:30  INFO 34494 --- [           main] com.example.quiz.QuizApplicationTests    : Starting QuizApplicationTests using Java 17.0.13 with PID 34494 (started by pouyan in /home/pouyan/Documents/BackendSpringboot/BackendSpringboot)
2025-01-17T14:06:36.873+03:30 DEBUG 34494 --- [           main] com.example.quiz.QuizApplicationTests    : Running with Spring Boot v3.4.1, Spring v6.2.1
2025-01-17T14:06:36.875+03:30  INFO 34494 --- [           main] com.example.quiz.QuizApplicationTests    : No active profile set, falling back to 1 default profile: "default"
2025-01-17T14:06:37.958+03:30  INFO 34494 --- [           main] .s.d.r.c.RepositoryConfigurationDelegate : Bootstrapping Spring Data JPA repositories in DEFAULT mode.
2025-01-17T14:06:38.077+03:30  INFO 34494 --- [           main] .s.d.r.c.RepositoryConfigurationDelegate : Finished Spring Data repository scanning in 102 ms. Found 4 JPA repository interfaces.
2025-01-17T14:06:38.905+03:30  INFO 34494 --- [           main] o.hibernate.jpa.internal.util.LogHelper  : HHH000204: Processing PersistenceUnitInfo [name: default]
2025-01-17T14:06:38.988+03:30  INFO 34494 --- [           main] org.hibernate.Version                    : HHH000412: Hibernate ORM core version 6.6.4.Final
2025-01-17T14:06:39.051+03:30  INFO 34494 --- [           main] o.h.c.internal.RegionFactoryInitiator    : HHH000026: Second-level cache disabled
2025-01-17T14:06:39.462+03:30  INFO 34494 --- [           main] o.s.o.j.p.SpringPersistenceUnitInfo      : No LoadTimeWeaver setup: ignoring JPA class transformer
2025-01-17T14:06:39.508+03:30  INFO 34494 --- [           main] com.zaxxer.hikari.HikariDataSource       : HikariPool-1 - Starting...
2025-01-17T14:06:40.005+03:30  INFO 34494 --- [           main] com.zaxxer.hikari.pool.HikariPool        : HikariPool-1 - Added connection com.mysql.cj.jdbc.ConnectionImpl@23321be7
2025-01-17T14:06:40.008+03:30  INFO 34494 --- [           main] com.zaxxer.hikari.HikariDataSource       : HikariPool-1 - Start completed.
2025-01-17T14:06:40.093+03:30  WARN 34494 --- [           main] org.hibernate.orm.deprecation            : HHH90000025: MySQL8Dialect does not need to be specified explicitly using 'hibernate.dialect' (remove the property setting and it will be selected by default)
2025-01-17T14:06:40.095+03:30  WARN 34494 --- [           main] org.hibernate.orm.deprecation            : HHH90000026: MySQL8Dialect has been deprecated; use org.hibernate.dialect.MySQLDialect instead
2025-01-17T14:06:40.127+03:30  INFO 34494 --- [           main] org.hibernate.orm.connections.pooling    : HHH10001005: Database info:
	Database JDBC URL [Connecting through datasource 'HikariDataSource (HikariPool-1)']
	Database driver: undefined/unknown
	Database version: 8.0
	Autocommit mode: undefined/unknown
	Isolation level: undefined/unknown
	Minimum pool size: undefined/unknown
	Maximum pool size: undefined/unknown
2025-01-17T14:06:41.601+03:30  INFO 34494 --- [           main] o.h.e.t.j.p.i.JtaPlatformInitiator       : HHH000489: No JTA platform available (set 'hibernate.transaction.jta.platform' to enable JTA platform integration)
Hibernate: 
    create table answered_questions (
        id bigint not null auto_increment,
        was_correct bit not null,
        question_id bigint,
        user_id bigint,
        primary key (id)
    ) engine=InnoDB
Hibernate: 
    create table categories (
        id bigint not null auto_increment,
        name varchar(255),
        creator_id bigint,
        primary key (id)
    ) engine=InnoDB
Hibernate: 
    create table question_options (
        question_id bigint not null,
        options varchar(255)
    ) engine=InnoDB
Hibernate: 
    create table questions (
        id bigint not null auto_increment,
        correct_answer varchar(255),
        difficulty integer,
        text varchar(255),
        category_id bigint,
        creator_id bigint,
        primary key (id)
    ) engine=InnoDB
Hibernate: 
    create table related_questions (
        question_id bigint not null,
        related_question_id bigint not null,
        primary key (question_id, related_question_id)
    ) engine=InnoDB
Hibernate: 
    create table user_following (
        follower_id bigint not null,
        following_id bigint not null,
        primary key (follower_id, following_id)
    ) engine=InnoDB
Hibernate: 
    create table users (
        id bigint not null auto_increment,
        password varchar(255),
        points integer,
        role enum ('DESIGNER','PLAYER'),
        username varchar(255),
        primary key (id)
    ) engine=InnoDB
Hibernate: 
    alter table users 
       drop index UKr43af9ap4edm43mmtq01oddj6
Hibernate: 
    alter table users 
       add constraint UKr43af9ap4edm43mmtq01oddj6 unique (username)
Hibernate: 
    alter table answered_questions 
       add constraint FKdwvf0gkkfol5bfpgbnfm7okfn 
       foreign key (question_id) 
       references questions (id)
Hibernate: 
    alter table answered_questions 
       add constraint FK41nv8hlyyvplxhjlidn83mmr 
       foreign key (user_id) 
       references users (id)
Hibernate: 
    alter table categories 
       add constraint FKnl6ip2pfe3o5188w7pdgy0yo8 
       foreign key (creator_id) 
       references users (id)
Hibernate: 
    alter table question_options 
       add constraint FKsb9v00wdrgc9qojtjkv7e1gkp 
       foreign key (question_id) 
       references questions (id)
Hibernate: 
    alter table questions 
       add constraint FKctl6tuf74n8cufkb3ulj6b3fc 
       foreign key (category_id) 
       references categories (id)
Hibernate: 
    alter table questions 
       add constraint FK3iss7rwyj4owl79g8srmcrut 
       foreign key (creator_id) 
       references users (id)
Hibernate: 
    alter table related_questions 
       add constraint FK4pvin9ua5bbjn2jr4sixayr9p 
       foreign key (related_question_id) 
       references questions (id)
Hibernate: 
    alter table related_questions 
       add constraint FK82haaq3747ejwli2gw5mr7lnf 
       foreign key (question_id) 
       references questions (id)
Hibernate: 
    alter table user_following 
       add constraint FKj5bh5rimv03q1b79u7611qgg3 
       foreign key (following_id) 
       references users (id)
Hibernate: 
    alter table user_following 
       add constraint FKbhwj1yevud330mbllu4dt7gn7 
       foreign key (follower_id) 
       references users (id)
2025-01-17T14:06:42.546+03:30  INFO 34494 --- [           main] j.LocalContainerEntityManagerFactoryBean : Initialized JPA EntityManagerFactory for persistence unit 'default'
2025-01-17T14:06:43.225+03:30 DEBUG 34494 --- [           main] .PrePostAnnotationSecurityMetadataSource : @org.springframework.security.access.prepost.PreAuthorize("hasRole(\'DESIGNER\')") found on: com.example.quiz.controller.DesignerController
2025-01-17T14:06:43.247+03:30 DEBUG 34494 --- [           main] m.DelegatingMethodSecurityMetadataSource : Caching method [CacheKey[com.example.quiz.controller.DesignerController; public org.springframework.http.ResponseEntity com.example.quiz.controller.DesignerController.getQuestions(java.lang.String,java.lang.Integer)]] with attributes [[authorize: 'hasRole('DESIGNER')', filter: 'null', filterTarget: 'null']]
2025-01-17T14:06:43.264+03:30 DEBUG 34494 --- [           main] .PrePostAnnotationSecurityMetadataSource : @org.springframework.security.access.prepost.PreAuthorize("hasRole(\'DESIGNER\')") found on: com.example.quiz.controller.DesignerController
2025-01-17T14:06:43.265+03:30 DEBUG 34494 --- [           main] m.DelegatingMethodSecurityMetadataSource : Caching method [CacheKey[com.example.quiz.controller.DesignerController; public org.springframework.http.ResponseEntity com.example.quiz.controller.DesignerController.createQuestion(com.example.quiz.dto.request.QuestionRequest)]] with attributes [[authorize: 'hasRole('DESIGNER')', filter: 'null', filterTarget: 'null']]
2025-01-17T14:06:43.265+03:30 DEBUG 34494 --- [           main] .PrePostAnnotationSecurityMetadataSource : @org.springframework.security.access.prepost.PreAuthorize("hasRole(\'DESIGNER\')") found on: com.example.quiz.controller.DesignerController
2025-01-17T14:06:43.265+03:30 DEBUG 34494 --- [           main] m.DelegatingMethodSecurityMetadataSource : Caching method [CacheKey[com.example.quiz.controller.DesignerController; public org.springframework.http.ResponseEntity com.example.quiz.controller.DesignerController.getQuestion(java.lang.Long)]] with attributes [[authorize: 'hasRole('DESIGNER')', filter: 'null', filterTarget: 'null']]
2025-01-17T14:06:43.266+03:30 DEBUG 34494 --- [           main] .PrePostAnnotationSecurityMetadataSource : @org.springframework.security.access.prepost.PreAuthorize("hasRole(\'DESIGNER\')") found on: com.example.quiz.controller.DesignerController
2025-01-17T14:06:43.266+03:30 DEBUG 34494 --- [           main] m.DelegatingMethodSecurityMetadataSource : Caching method [CacheKey[com.example.quiz.controller.DesignerController; public org.springframework.http.ResponseEntity com.example.quiz.controller.DesignerController.updateQuestion(java.lang.Long,com.example.quiz.dto.request.QuestionRequest)]] with attributes [[authorize: 'hasRole('DESIGNER')', filter: 'null', filterTarget: 'null']]
2025-01-17T14:06:43.266+03:30 DEBUG 34494 --- [           main] .PrePostAnnotationSecurityMetadataSource : @org.springframework.security.access.prepost.PreAuthorize("hasRole(\'DESIGNER\')") found on: com.example.quiz.controller.DesignerController
2025-01-17T14:06:43.267+03:30 DEBUG 34494 --- [           main] m.DelegatingMethodSecurityMetadataSource : Caching method [CacheKey[com.example.quiz.controller.DesignerController; public org.springframework.http.ResponseEntity com.example.quiz.controller.DesignerController.deleteQuestion(java.lang.Long)]] with attributes [[authorize: 'hasRole('DESIGNER')', filter: 'null', filterTarget: 'null']]
2025-01-17T14:06:43.267+03:30 DEBUG 34494 --- [           main] .PrePostAnnotationSecurityMetadataSource : @org.springframework.security.access.prepost.PreAuthorize("hasRole(\'DESIGNER\')") found on: com.example.quiz.controller.DesignerController
2025-01-17T14:06:43.267+03:30 DEBUG 34494 --- [           main] m.DelegatingMethodSecurityMetadataSource : Caching method [CacheKey[com.example.quiz.controller.DesignerController; public org.springframework.http.ResponseEntity com.example.quiz.controller.DesignerController.addRelatedQuestion(java.lang.Long,java.lang.Long)]] with attributes [[authorize: 'hasRole('DESIGNER')', filter: 'null', filterTarget: 'null']]
2025-01-17T14:06:43.268+03:30 DEBUG 34494 --- [           main] .PrePostAnnotationSecurityMetadataSource : @org.springframework.security.access.prepost.PreAuthorize("hasRole(\'DESIGNER\')") found on: com.example.quiz.controller.DesignerController
2025-01-17T14:06:43.268+03:30 DEBUG 34494 --- [           main] m.DelegatingMethodSecurityMetadataSource : Caching method [CacheKey[com.example.quiz.controller.DesignerController; public org.springframework.http.ResponseEntity com.example.quiz.controller.DesignerController.removeRelatedQuestion(java.lang.Long,java.lang.Long)]] with attributes [[authorize: 'hasRole('DESIGNER')', filter: 'null', filterTarget: 'null']]
2025-01-17T14:06:43.268+03:30 DEBUG 34494 --- [           main] .PrePostAnnotationSecurityMetadataSource : @org.springframework.security.access.prepost.PreAuthorize("hasRole(\'DESIGNER\')") found on: com.example.quiz.controller.DesignerController
2025-01-17T14:06:43.269+03:30 DEBUG 34494 --- [           main] m.DelegatingMethodSecurityMetadataSource : Caching method [CacheKey[com.example.quiz.controller.DesignerController; public org.springframework.http.ResponseEntity com.example.quiz.controller.DesignerController.getCategories()]] with attributes [[authorize: 'hasRole('DESIGNER')', filter: 'null', filterTarget: 'null']]
2025-01-17T14:06:43.269+03:30 DEBUG 34494 --- [           main] .PrePostAnnotationSecurityMetadataSource : @org.springframework.security.access.prepost.PreAuthorize("hasRole(\'DESIGNER\')") found on: com.example.quiz.controller.DesignerController
2025-01-17T14:06:43.269+03:30 DEBUG 34494 --- [           main] m.DelegatingMethodSecurityMetadataSource : Caching method [CacheKey[com.example.quiz.controller.DesignerController; public org.springframework.http.ResponseEntity com.example.quiz.controller.DesignerController.createCategory(com.example.quiz.dto.request.CategoryRequest)]] with attributes [[authorize: 'hasRole('DESIGNER')', filter: 'null', filterTarget: 'null']]
2025-01-17T14:06:43.270+03:30 DEBUG 34494 --- [           main] .PrePostAnnotationSecurityMetadataSource : @org.springframework.security.access.prepost.PreAuthorize("hasRole(\'DESIGNER\')") found on: com.example.quiz.controller.DesignerController
2025-01-17T14:06:43.270+03:30 DEBUG 34494 --- [           main] m.DelegatingMethodSecurityMetadataSource : Caching method [CacheKey[com.example.quiz.controller.DesignerController; public org.springframework.http.ResponseEntity com.example.quiz.controller.DesignerController.updateCategory(java.lang.Long,com.example.quiz.dto.request.CategoryRequest)]] with attributes [[authorize: 'hasRole('DESIGNER')', filter: 'null', filterTarget: 'null']]
2025-01-17T14:06:43.270+03:30 DEBUG 34494 --- [           main] .PrePostAnnotationSecurityMetadataSource : @org.springframework.security.access.prepost.PreAuthorize("hasRole(\'DESIGNER\')") found on: com.example.quiz.controller.DesignerController
2025-01-17T14:06:43.271+03:30 DEBUG 34494 --- [           main] m.DelegatingMethodSecurityMetadataSource : Caching method [CacheKey[com.example.quiz.controller.DesignerController; public org.springframework.http.ResponseEntity com.example.quiz.controller.DesignerController.deleteCategory(java.lang.Long)]] with attributes [[authorize: 'hasRole('DESIGNER')', filter: 'null', filterTarget: 'null']]
2025-01-17T14:06:43.335+03:30 DEBUG 34494 --- [           main] .PrePostAnnotationSecurityMetadataSource : @org.springframework.security.access.prepost.PreAuthorize("hasRole(\'PLAYER\')") found on: com.example.quiz.controller.PlayerController
2025-01-17T14:06:43.336+03:30 DEBUG 34494 --- [           main] m.DelegatingMethodSecurityMetadataSource : Caching method [CacheKey[com.example.quiz.controller.PlayerController; public org.springframework.http.ResponseEntity com.example.quiz.controller.PlayerController.getQuestions(java.lang.String,java.lang.Integer)]] with attributes [[authorize: 'hasRole('PLAYER')', filter: 'null', filterTarget: 'null']]
2025-01-17T14:06:43.338+03:30 DEBUG 34494 --- [           main] .PrePostAnnotationSecurityMetadataSource : @org.springframework.security.access.prepost.PreAuthorize("hasRole(\'PLAYER\')") found on: com.example.quiz.controller.PlayerController
2025-01-17T14:06:43.338+03:30 DEBUG 34494 --- [           main] m.DelegatingMethodSecurityMetadataSource : Caching method [CacheKey[com.example.quiz.controller.PlayerController; public org.springframework.http.ResponseEntity com.example.quiz.controller.PlayerController.submitAnswer(java.lang.Long,com.example.quiz.dto.request.AnswerRequest)]] with attributes [[authorize: 'hasRole('PLAYER')', filter: 'null', filterTarget: 'null']]
2025-01-17T14:06:43.338+03:30 DEBUG 34494 --- [           main] .PrePostAnnotationSecurityMetadataSource : @org.springframework.security.access.prepost.PreAuthorize("hasRole(\'PLAYER\')") found on: com.example.quiz.controller.PlayerController
2025-01-17T14:06:43.339+03:30 DEBUG 34494 --- [           main] m.DelegatingMethodSecurityMetadataSource : Caching method [CacheKey[com.example.quiz.controller.PlayerController; public org.springframework.http.ResponseEntity com.example.quiz.controller.PlayerController.getLeaderboard()]] with attributes [[authorize: 'hasRole('PLAYER')', filter: 'null', filterTarget: 'null']]
2025-01-17T14:06:43.339+03:30 DEBUG 34494 --- [           main] .PrePostAnnotationSecurityMetadataSource : @org.springframework.security.access.prepost.PreAuthorize("hasRole(\'PLAYER\')") found on: com.example.quiz.controller.PlayerController
2025-01-17T14:06:43.339+03:30 DEBUG 34494 --- [           main] m.DelegatingMethodSecurityMetadataSource : Caching method [CacheKey[com.example.quiz.controller.PlayerController; public org.springframework.http.ResponseEntity com.example.quiz.controller.PlayerController.followDesigner(java.lang.Long)]] with attributes [[authorize: 'hasRole('PLAYER')', filter: 'null', filterTarget: 'null']]
2025-01-17T14:06:43.340+03:30 DEBUG 34494 --- [           main] .PrePostAnnotationSecurityMetadataSource : @org.springframework.security.access.prepost.PreAuthorize("hasRole(\'PLAYER\')") found on: com.example.quiz.controller.PlayerController
2025-01-17T14:06:43.340+03:30 DEBUG 34494 --- [           main] m.DelegatingMethodSecurityMetadataSource : Caching method [CacheKey[com.example.quiz.controller.PlayerController; public org.springframework.http.ResponseEntity com.example.quiz.controller.PlayerController.followPlayer(java.lang.Long)]] with attributes [[authorize: 'hasRole('PLAYER')', filter: 'null', filterTarget: 'null']]
2025-01-17T14:06:43.340+03:30 DEBUG 34494 --- [           main] .PrePostAnnotationSecurityMetadataSource : @org.springframework.security.access.prepost.PreAuthorize("hasRole(\'PLAYER\')") found on: com.example.quiz.controller.PlayerController
2025-01-17T14:06:43.340+03:30 DEBUG 34494 --- [           main] m.DelegatingMethodSecurityMetadataSource : Caching method [CacheKey[com.example.quiz.controller.PlayerController; public org.springframework.http.ResponseEntity com.example.quiz.controller.PlayerController.unfollowDesigner(java.lang.Long)]] with attributes [[authorize: 'hasRole('PLAYER')', filter: 'null', filterTarget: 'null']]
2025-01-17T14:06:43.341+03:30 DEBUG 34494 --- [           main] .PrePostAnnotationSecurityMetadataSource : @org.springframework.security.access.prepost.PreAuthorize("hasRole(\'PLAYER\')") found on: com.example.quiz.controller.PlayerController
2025-01-17T14:06:43.341+03:30 DEBUG 34494 --- [           main] m.DelegatingMethodSecurityMetadataSource : Caching method [CacheKey[com.example.quiz.controller.PlayerController; public org.springframework.http.ResponseEntity com.example.quiz.controller.PlayerController.unfollowPlayer(java.lang.Long)]] with attributes [[authorize: 'hasRole('PLAYER')', filter: 'null', filterTarget: 'null']]
2025-01-17T14:06:43.341+03:30 DEBUG 34494 --- [           main] .PrePostAnnotationSecurityMetadataSource : @org.springframework.security.access.prepost.PreAuthorize("hasRole(\'PLAYER\')") found on: com.example.quiz.controller.PlayerController
2025-01-17T14:06:43.342+03:30 DEBUG 34494 --- [           main] m.DelegatingMethodSecurityMetadataSource : Caching method [CacheKey[com.example.quiz.controller.PlayerController; public org.springframework.http.ResponseEntity com.example.quiz.controller.PlayerController.getRandomQuestion()]] with attributes [[authorize: 'hasRole('PLAYER')', filter: 'null', filterTarget: 'null']]
2025-01-17T14:06:43.422+03:30  WARN 34494 --- [           main] JpaBaseConfiguration$JpaWebConfiguration : spring.jpa.open-in-view is enabled by default. Therefore, database queries may be performed during view rendering. Explicitly configure spring.jpa.open-in-view to disable this warning
2025-01-17T14:06:43.467+03:30  WARN 34494 --- [           main] .s.s.UserDetailsServiceAutoConfiguration : 

Using generated security password: c7a28320-8e5e-46b1-84ce-f9d7b9a7d7d0

This generated password is for development use only. Your security configuration must be updated before running your application in production.

2025-01-17T14:06:43.476+03:30  INFO 34494 --- [           main] r$InitializeUserDetailsManagerConfigurer : Global AuthenticationManager configured with UserDetailsService bean with name inMemoryUserDetailsManager
2025-01-17T14:06:44.081+03:30 DEBUG 34494 --- [           main] o.s.s.web.DefaultSecurityFilterChain     : Will secure any request with filters: DisableEncodeUrlFilter, WebAsyncManagerIntegrationFilter, SecurityContextHolderFilter, HeaderWriterFilter, CorsFilter, LogoutFilter, JwtAuthenticationFilter, RequestCacheAwareFilter, SecurityContextHolderAwareRequestFilter, AnonymousAuthenticationFilter, SessionManagementFilter, ExceptionTranslationFilter, AuthorizationFilter
2025-01-17T14:06:44.733+03:30  INFO 34494 --- [           main] com.example.quiz.QuizApplicationTests    : Started QuizApplicationTests in 8.27 seconds (process running for 9.682)
]]></system-out>
  </testcase>
</testsuite>